<?xml version="1.0" encoding="UTF-8"?>
<testsuite xmlns:xsi="http://www.w3.org/2001/XMLSchema-instance" xsi:noNamespaceSchemaLocation="https://maven.apache.org/surefire/maven-surefire-plugin/xsd/surefire-test-report-3.0.xsd" version="3.0" name="com.vanguardiapropiedades.inmobiliaria.InmobiliariaApplicationTests" time="9.985" tests="1" errors="0" skipped="0" failures="0">
  <properties>
[...]
</properties>
  <testcase name="contextLoads" classname="com.vanguardiapropiedades.inmobiliaria.InmobiliariaApplicationTests" time="0.797">
    <system-out><![CDATA[13:48:35.221 [main] INFO org.springframework.test.context.support.AnnotationConfigContextLoaderUtils -- Could not detect default configuration classes for test class [com.vanguardiapropiedades.inmobiliaria.InmobiliariaApplicationTests]: InmobiliariaApplicationTests does not declare any static, non-private, non-final, nested classes annotated with @Configuration.
13:48:35.374 [main] INFO org.springframework.boot.test.context.SpringBootTestContextBootstrapper -- Found @SpringBootConfiguration com.vanguardiapropiedades.inmobiliaria.InmobiliariaApplication for test class com.vanguardiapropiedades.inmobiliaria.InmobiliariaApplicationTests
13:48:35.627 [main] INFO org.springframework.boot.devtools.restart.RestartApplicationListener -- Restart disabled due to context in which it is running
:: Spring & Proyecto Integrador :: 
 __      __                                   _ _               
 \ \    / /                                  | (_)              
  \ \  / /_ _ _ __   __ _ _   _  __ _ _ __ __| |_  __ _         
   \ \/ / _` | '_ \ / _` | | | |/ _` | '__/ _` | |/ _` |        
    \  / (_| | | | | (_| | |_| | (_| | | | (_| | | (_| |        
     \/ \__,_|_| |_|\__, |\__,_|\__,_|_|  \__,_|_|\__,_|        
       _____         __/ |   _          _           _           
      |  __ \       |___/   (_)        | |         | |          
      | |__) | __ ___  _ __  _  ___  __| | __ _  __| | ___  ___ 
      |  ___/ '__/ _ \| '_ \| |/ _ \/ _` |/ _` |/ _` |/ _ \/ __|
      | |   | | | (_) | |_) | |  __/ (_| | (_| | (_| |  __/\__ \
      |_|   |_|  \___/| .__/|_|\___|\__,_|\__,_|\__,_|\___||___/
                      | |                                       
                      |_|                                       

          <<<======     Equipo "R"     ======>>>
________________________________________________________________
2024-01-28T13:48:36.027-03:00  INFO 7888 --- [           main] c.v.i.InmobiliariaApplicationTests       : Starting InmobiliariaApplicationTests using Java 17.0.9 with PID 7888 (started by no_de in C:\Users\no_de\Desktop\Nueva carpeta\ProyectoFinal-Spring)
2024-01-28T13:48:36.027-03:00  INFO 7888 --- [           main] c.v.i.InmobiliariaApplicationTests       : No active profile set, falling back to 1 default profile: "default"
2024-01-28T13:48:37.477-03:00  INFO 7888 --- [           main] .s.d.r.c.RepositoryConfigurationDelegate : Bootstrapping Spring Data JPA repositories in DEFAULT mode.
2024-01-28T13:48:37.558-03:00  INFO 7888 --- [           main] .s.d.r.c.RepositoryConfigurationDelegate : Finished Spring Data repository scanning in 78 ms. Found 5 JPA repository interfaces.
2024-01-28T13:48:38.392-03:00  INFO 7888 --- [           main] o.hibernate.jpa.internal.util.LogHelper  : HHH000204: Processing PersistenceUnitInfo [name: default]
2024-01-28T13:48:38.501-03:00  INFO 7888 --- [           main] org.hibernate.Version                    : HHH000412: Hibernate ORM core version 6.2.13.Final
2024-01-28T13:48:38.505-03:00  INFO 7888 --- [           main] org.hibernate.cfg.Environment            : HHH000406: Using bytecode reflection optimizer
2024-01-28T13:48:39.033-03:00  INFO 7888 --- [           main] o.s.o.j.p.SpringPersistenceUnitInfo      : No LoadTimeWeaver setup: ignoring JPA class transformer
2024-01-28T13:48:39.081-03:00  INFO 7888 --- [           main] com.zaxxer.hikari.HikariDataSource       : HikariPool-1 - Starting...
2024-01-28T13:48:39.355-03:00  INFO 7888 --- [           main] com.zaxxer.hikari.pool.HikariPool        : HikariPool-1 - Added connection com.mysql.cj.jdbc.ConnectionImpl@5c0e2ec
2024-01-28T13:48:39.358-03:00  INFO 7888 --- [           main] com.zaxxer.hikari.HikariDataSource       : HikariPool-1 - Start completed.
2024-01-28T13:48:39.424-03:00  WARN 7888 --- [           main] org.hibernate.orm.deprecation            : HHH90000025: MySQLDialect does not need to be specified explicitly using 'hibernate.dialect' (remove the property setting and it will be selected by default)
2024-01-28T13:48:40.684-03:00  INFO 7888 --- [           main] o.h.e.t.j.p.i.JtaPlatformInitiator       : HHH000489: No JTA platform available (set 'hibernate.transaction.jta.platform' to enable JTA platform integration)
2024-01-28T13:48:40.824-03:00  INFO 7888 --- [           main] j.LocalContainerEntityManagerFactoryBean : Initialized JPA EntityManagerFactory for persistence unit 'default'
2024-01-28T13:48:41.486-03:00  INFO 7888 --- [           main] o.s.d.j.r.query.QueryEnhancerFactory     : Hibernate is in classpath; If applicable, HQL parser will be used.
2024-01-28T13:48:42.509-03:00  WARN 7888 --- [           main] JpaBaseConfiguration$JpaWebConfiguration : spring.jpa.open-in-view is enabled by default. Therefore, database queries may be performed during view rendering. Explicitly configure spring.jpa.open-in-view to disable this warning
2024-01-28T13:48:42.806-03:00  INFO 7888 --- [           main] o.s.s.web.DefaultSecurityFilterChain     : Will secure any request with [org.springframework.security.web.session.DisableEncodeUrlFilter@53dfb073, org.springframework.security.web.session.ForceEagerSessionCreationFilter@2b39e77d, org.springframework.security.web.context.request.async.WebAsyncManagerIntegrationFilter@201c1d99, org.springframework.security.web.context.SecurityContextHolderFilter@3ab7b0f, org.springframework.security.web.header.HeaderWriterFilter@71c9c7f3, org.springframework.security.web.authentication.logout.LogoutFilter@388b9799, org.springframework.security.web.authentication.UsernamePasswordAuthenticationFilter@29244152, org.springframework.security.web.session.ConcurrentSessionFilter@1c61011b, org.springframework.security.web.savedrequest.RequestCacheAwareFilter@7a5b561b, org.springframework.security.web.servletapi.SecurityContextHolderAwareRequestFilter@bb9bad9, org.springframework.security.web.authentication.AnonymousAuthenticationFilter@36afd06f, org.springframework.security.web.session.SessionManagementFilter@771deee6, org.springframework.security.web.access.ExceptionTranslationFilter@35b8b69f, org.springframework.security.web.access.intercept.AuthorizationFilter@43076326]
2024-01-28T13:48:43.355-03:00  INFO 7888 --- [           main] o.s.b.a.w.s.WelcomePageHandlerMapping    : Adding welcome page template: index
2024-01-28T13:48:43.908-03:00  INFO 7888 --- [           main] o.s.b.a.e.web.EndpointLinksResolver      : Exposing 1 endpoint(s) beneath base path '/actuator'
2024-01-28T13:48:44.130-03:00  INFO 7888 --- [           main] c.v.i.InmobiliariaApplicationTests       : Started InmobiliariaApplicationTests in 8.518 seconds (process running for 9.86)
]]></system-out>
  </testcase>
</testsuite>