<?xml version="1.0" encoding="UTF-8"?>
<testsuite xmlns:xsi="http://www.w3.org/2001/XMLSchema-instance" xsi:noNamespaceSchemaLocation="https://maven.apache.org/surefire/maven-surefire-plugin/xsd/surefire-test-report-3.0.xsd" version="3.0" name="com.vanguardiapropiedades.inmobiliaria.InmobiliariaApplicationTests" time="10.5" tests="1" errors="0" skipped="0" failures="0">
  <properties>
[...]
</properties>
  <testcase name="contextLoads" classname="com.vanguardiapropiedades.inmobiliaria.InmobiliariaApplicationTests" time="0.692">
    <system-out><![CDATA[15:14:24.418 [main] INFO org.springframework.test.context.support.AnnotationConfigContextLoaderUtils -- Could not detect default configuration classes for test class [com.vanguardiapropiedades.inmobiliaria.InmobiliariaApplicationTests]: InmobiliariaApplicationTests does not declare any static, non-private, non-final, nested classes annotated with @Configuration.
15:14:24.565 [main] INFO org.springframework.boot.test.context.SpringBootTestContextBootstrapper -- Found @SpringBootConfiguration com.vanguardiapropiedades.inmobiliaria.InmobiliariaApplication for test class com.vanguardiapropiedades.inmobiliaria.InmobiliariaApplicationTests
15:14:24.852 [main] INFO org.springframework.boot.devtools.restart.RestartApplicationListener -- Restart disabled due to context in which it is running
:: Spring & Proyecto Integrador :: 
 __      __                                   _ _               
 \ \    / /                                  | (_)              
  \ \  / /_ _ _ __   __ _ _   _  __ _ _ __ __| |_  __ _         
   \ \/ / _` | '_ \ / _` | | | |/ _` | '__/ _` | |/ _` |        
    \  / (_| | | | | (_| | |_| | (_| | | | (_| | | (_| |        
     \/ \__,_|_| |_|\__, |\__,_|\__,_|_|  \__,_|_|\__,_|        
       _____         __/ |   _          _           _           
      |  __ \       |___/   (_)        | |         | |          
      | |__) | __ ___  _ __  _  ___  __| | __ _  __| | ___  ___ 
      |  ___/ '__/ _ \| '_ \| |/ _ \/ _` |/ _` |/ _` |/ _ \/ __|
      | |   | | | (_) | |_) | |  __/ (_| | (_| | (_| |  __/\__ \
      |_|   |_|  \___/| .__/|_|\___|\__,_|\__,_|\__,_|\___||___/
                      | |                                       
                      |_|                                       

          <<<======     Equipo "R"     ======>>>
________________________________________________________________
2024-01-28T15:14:25.263-03:00  INFO 5300 --- [           main] c.v.i.InmobiliariaApplicationTests       : Starting InmobiliariaApplicationTests using Java 17.0.9 with PID 5300 (started by no_de in C:\Users\no_de\Desktop\Nueva carpeta\ProyectoFinal-Spring)
2024-01-28T15:14:25.265-03:00  INFO 5300 --- [           main] c.v.i.InmobiliariaApplicationTests       : No active profile set, falling back to 1 default profile: "default"
2024-01-28T15:14:26.565-03:00  INFO 5300 --- [           main] .s.d.r.c.RepositoryConfigurationDelegate : Bootstrapping Spring Data JPA repositories in DEFAULT mode.
2024-01-28T15:14:26.680-03:00  INFO 5300 --- [           main] .s.d.r.c.RepositoryConfigurationDelegate : Finished Spring Data repository scanning in 100 ms. Found 5 JPA repository interfaces.
2024-01-28T15:14:27.598-03:00 DEBUG 5300 --- [           main] o.hibernate.jpa.internal.util.LogHelper  : PersistenceUnitInfo [
	name: default
	persistence provider classname: null
	classloader: jdk.internal.loader.ClassLoaders$AppClassLoader@73d16e93
	excludeUnlistedClasses: true
	JTA datasource: null
	Non JTA datasource: HikariDataSource (null)
	Transaction type: RESOURCE_LOCAL
	PU root URL: file:/C:/Users/no_de/Desktop/Nueva%20carpeta/ProyectoFinal-Spring/target/test-classes/
	Shared Cache Mode: UNSPECIFIED
	Validation Mode: AUTO
	Jar files URLs []
	Managed classes names [
		com.vanguardiapropiedades.inmobiliaria.entidades.CitaEntidad
		com.vanguardiapropiedades.inmobiliaria.entidades.ImagenEntidad
		com.vanguardiapropiedades.inmobiliaria.entidades.OfertaEntidad
		com.vanguardiapropiedades.inmobiliaria.entidades.PropiedadEntidad
		com.vanguardiapropiedades.inmobiliaria.entidades.UsuarioEntidad]
	Mapping files names []
	Properties []
2024-01-28T15:14:27.624-03:00 DEBUG 5300 --- [           main] o.h.i.internal.IntegratorServiceImpl     : Adding Integrator [org.hibernate.boot.beanvalidation.BeanValidationIntegrator].
2024-01-28T15:14:27.627-03:00 DEBUG 5300 --- [           main] o.h.i.internal.IntegratorServiceImpl     : Adding Integrator [org.hibernate.cache.internal.CollectionCacheInvalidator].
2024-01-28T15:14:27.734-03:00  INFO 5300 --- [           main] org.hibernate.Version                    : HHH000412: Hibernate ORM core version 6.2.13.Final
2024-01-28T15:14:27.737-03:00 DEBUG 5300 --- [           main] org.hibernate.cfg.Environment            : HHH000206: 'hibernate.properties' not found
2024-01-28T15:14:27.739-03:00  INFO 5300 --- [           main] org.hibernate.cfg.Environment            : HHH000406: Using bytecode reflection optimizer
2024-01-28T15:14:27.798-03:00 DEBUG 5300 --- [           main] org.hibernate.orm.idgen.factory          : Registering IdentifierGenerator strategy [uuid2] -> [org.hibernate.id.UUIDGenerator]
2024-01-28T15:14:27.799-03:00 DEBUG 5300 --- [           main] org.hibernate.orm.idgen.factory          : Registering IdentifierGenerator strategy [guid] -> [org.hibernate.id.GUIDGenerator]
2024-01-28T15:14:27.801-03:00 DEBUG 5300 --- [           main] org.hibernate.orm.idgen.factory          : Registering IdentifierGenerator strategy [uuid] -> [org.hibernate.id.UUIDHexGenerator]
2024-01-28T15:14:27.801-03:00 DEBUG 5300 --- [           main] org.hibernate.orm.idgen.factory          : Registering IdentifierGenerator strategy [uuid.hex] -> [org.hibernate.id.UUIDHexGenerator]
2024-01-28T15:14:27.802-03:00 DEBUG 5300 --- [           main] org.hibernate.orm.idgen.factory          : Registering IdentifierGenerator strategy [assigned] -> [org.hibernate.id.Assigned]
2024-01-28T15:14:27.805-03:00 DEBUG 5300 --- [           main] org.hibernate.orm.idgen.factory          : Registering IdentifierGenerator strategy [identity] -> [org.hibernate.id.IdentityGenerator]
2024-01-28T15:14:27.806-03:00 DEBUG 5300 --- [           main] org.hibernate.orm.idgen.factory          : Registering IdentifierGenerator strategy [select] -> [org.hibernate.id.SelectGenerator]
2024-01-28T15:14:27.808-03:00 DEBUG 5300 --- [           main] org.hibernate.orm.idgen.factory          : Registering IdentifierGenerator strategy [sequence] -> [org.hibernate.id.enhanced.SequenceStyleGenerator]
2024-01-28T15:14:27.809-03:00 DEBUG 5300 --- [           main] org.hibernate.orm.idgen.factory          : Registering IdentifierGenerator strategy [increment] -> [org.hibernate.id.IncrementGenerator]
2024-01-28T15:14:27.811-03:00 DEBUG 5300 --- [           main] org.hibernate.orm.idgen.factory          : Registering IdentifierGenerator strategy [foreign] -> [org.hibernate.id.ForeignGenerator]
2024-01-28T15:14:27.811-03:00 DEBUG 5300 --- [           main] org.hibernate.orm.idgen.factory          : Registering IdentifierGenerator strategy [enhanced-sequence] -> [org.hibernate.id.enhanced.SequenceStyleGenerator]
2024-01-28T15:14:27.813-03:00 DEBUG 5300 --- [           main] org.hibernate.orm.idgen.factory          : Registering IdentifierGenerator strategy [enhanced-table] -> [org.hibernate.id.enhanced.TableGenerator]
2024-01-28T15:14:27.829-03:00 DEBUG 5300 --- [           main] o.h.c.internal.RegionFactoryInitiator    : Cannot default RegionFactory based on registered strategies as `[]` RegionFactory strategies were registered
2024-01-28T15:14:27.831-03:00 DEBUG 5300 --- [           main] o.h.c.internal.RegionFactoryInitiator    : Cache region factory : org.hibernate.cache.internal.NoCachingRegionFactory
2024-01-28T15:14:28.086-03:00 DEBUG 5300 --- [           main] org.hibernate.type.BasicTypeRegistry     : Adding type registration boolean -> org.hibernate.type.BasicTypeReference@96abc76
2024-01-28T15:14:28.086-03:00 DEBUG 5300 --- [           main] org.hibernate.type.BasicTypeRegistry     : Adding type registration boolean -> org.hibernate.type.BasicTypeReference@96abc76
2024-01-28T15:14:28.086-03:00 DEBUG 5300 --- [           main] org.hibernate.type.BasicTypeRegistry     : Adding type registration java.lang.Boolean -> org.hibernate.type.BasicTypeReference@96abc76
2024-01-28T15:14:28.087-03:00 DEBUG 5300 --- [           main] org.hibernate.type.BasicTypeRegistry     : Adding type registration numeric_boolean -> org.hibernate.type.BasicTypeReference@4d69d288
2024-01-28T15:14:28.087-03:00 DEBUG 5300 --- [           main] org.hibernate.type.BasicTypeRegistry     : Adding type registration org.hibernate.type.NumericBooleanConverter -> org.hibernate.type.BasicTypeReference@4d69d288
2024-01-28T15:14:28.087-03:00 DEBUG 5300 --- [           main] org.hibernate.type.BasicTypeRegistry     : Adding type registration true_false -> org.hibernate.type.BasicTypeReference@437281c5
2024-01-28T15:14:28.087-03:00 DEBUG 5300 --- [           main] org.hibernate.type.BasicTypeRegistry     : Adding type registration org.hibernate.type.TrueFalseConverter -> org.hibernate.type.BasicTypeReference@437281c5
2024-01-28T15:14:28.087-03:00 DEBUG 5300 --- [           main] org.hibernate.type.BasicTypeRegistry     : Adding type registration yes_no -> org.hibernate.type.BasicTypeReference@787178b1
2024-01-28T15:14:28.087-03:00 DEBUG 5300 --- [           main] org.hibernate.type.BasicTypeRegistry     : Adding type registration org.hibernate.type.YesNoConverter -> org.hibernate.type.BasicTypeReference@787178b1
2024-01-28T15:14:28.088-03:00 DEBUG 5300 --- [           main] org.hibernate.type.BasicTypeRegistry     : Adding type registration byte -> org.hibernate.type.BasicTypeReference@24a4e2c5
2024-01-28T15:14:28.088-03:00 DEBUG 5300 --- [           main] org.hibernate.type.BasicTypeRegistry     : Adding type registration byte -> org.hibernate.type.BasicTypeReference@24a4e2c5
2024-01-28T15:14:28.088-03:00 DEBUG 5300 --- [           main] org.hibernate.type.BasicTypeRegistry     : Adding type registration java.lang.Byte -> org.hibernate.type.BasicTypeReference@24a4e2c5
2024-01-28T15:14:28.088-03:00 DEBUG 5300 --- [           main] org.hibernate.type.BasicTypeRegistry     : Adding type registration binary -> org.hibernate.type.BasicTypeReference@27da994b
2024-01-28T15:14:28.088-03:00 DEBUG 5300 --- [           main] org.hibernate.type.BasicTypeRegistry     : Adding type registration byte[] -> org.hibernate.type.BasicTypeReference@27da994b
2024-01-28T15:14:28.089-03:00 DEBUG 5300 --- [           main] org.hibernate.type.BasicTypeRegistry     : Adding type registration [B -> org.hibernate.type.BasicTypeReference@27da994b
2024-01-28T15:14:28.089-03:00 DEBUG 5300 --- [           main] org.hibernate.type.BasicTypeRegistry     : Adding type registration binary_wrapper -> org.hibernate.type.BasicTypeReference@70f148dc
2024-01-28T15:14:28.089-03:00 DEBUG 5300 --- [           main] org.hibernate.type.BasicTypeRegistry     : Adding type registration wrapper-binary -> org.hibernate.type.BasicTypeReference@70f148dc
2024-01-28T15:14:28.089-03:00 DEBUG 5300 --- [           main] org.hibernate.type.BasicTypeRegistry     : Adding type registration image -> org.hibernate.type.BasicTypeReference@3360283
2024-01-28T15:14:28.089-03:00 DEBUG 5300 --- [           main] org.hibernate.type.BasicTypeRegistry     : Adding type registration blob -> org.hibernate.type.BasicTypeReference@77aea
2024-01-28T15:14:28.089-03:00 DEBUG 5300 --- [           main] org.hibernate.type.BasicTypeRegistry     : Adding type registration java.sql.Blob -> org.hibernate.type.BasicTypeReference@77aea
2024-01-28T15:14:28.089-03:00 DEBUG 5300 --- [           main] org.hibernate.type.BasicTypeRegistry     : Adding type registration materialized_blob -> org.hibernate.type.BasicTypeReference@73e4bb60
2024-01-28T15:14:28.089-03:00 DEBUG 5300 --- [           main] org.hibernate.type.BasicTypeRegistry     : Adding type registration materialized_blob_wrapper -> org.hibernate.type.BasicTypeReference@9a9aa68
2024-01-28T15:14:28.090-03:00 DEBUG 5300 --- [           main] org.hibernate.type.BasicTypeRegistry     : Adding type registration short -> org.hibernate.type.BasicTypeReference@3a3883c4
2024-01-28T15:14:28.090-03:00 DEBUG 5300 --- [           main] org.hibernate.type.BasicTypeRegistry     : Adding type registration short -> org.hibernate.type.BasicTypeReference@3a3883c4
2024-01-28T15:14:28.090-03:00 DEBUG 5300 --- [           main] org.hibernate.type.BasicTypeRegistry     : Adding type registration java.lang.Short -> org.hibernate.type.BasicTypeReference@3a3883c4
2024-01-28T15:14:28.090-03:00 DEBUG 5300 --- [           main] org.hibernate.type.BasicTypeRegistry     : Adding type registration integer -> org.hibernate.type.BasicTypeReference@1537e43
2024-01-28T15:14:28.090-03:00 DEBUG 5300 --- [           main] org.hibernate.type.BasicTypeRegistry     : Adding type registration int -> org.hibernate.type.BasicTypeReference@1537e43
2024-01-28T15:14:28.090-03:00 DEBUG 5300 --- [           main] org.hibernate.type.BasicTypeRegistry     : Adding type registration java.lang.Integer -> org.hibernate.type.BasicTypeReference@1537e43
2024-01-28T15:14:28.090-03:00 DEBUG 5300 --- [           main] org.hibernate.type.BasicTypeRegistry     : Adding type registration long -> org.hibernate.type.BasicTypeReference@573aeab2
2024-01-28T15:14:28.090-03:00 DEBUG 5300 --- [           main] org.hibernate.type.BasicTypeRegistry     : Adding type registration long -> org.hibernate.type.BasicTypeReference@573aeab2
2024-01-28T15:14:28.090-03:00 DEBUG 5300 --- [           main] org.hibernate.type.BasicTypeRegistry     : Adding type registration java.lang.Long -> org.hibernate.type.BasicTypeReference@573aeab2
2024-01-28T15:14:28.091-03:00 DEBUG 5300 --- [           main] org.hibernate.type.BasicTypeRegistry     : Adding type registration float -> org.hibernate.type.BasicTypeReference@1304e0d7
2024-01-28T15:14:28.091-03:00 DEBUG 5300 --- [           main] org.hibernate.type.BasicTypeRegistry     : Adding type registration float -> org.hibernate.type.BasicTypeReference@1304e0d7
2024-01-28T15:14:28.091-03:00 DEBUG 5300 --- [           main] org.hibernate.type.BasicTypeRegistry     : Adding type registration java.lang.Float -> org.hibernate.type.BasicTypeReference@1304e0d7
2024-01-28T15:14:28.091-03:00 DEBUG 5300 --- [           main] org.hibernate.type.BasicTypeRegistry     : Adding type registration double -> org.hibernate.type.BasicTypeReference@6ddc67d0
2024-01-28T15:14:28.091-03:00 DEBUG 5300 --- [           main] org.hibernate.type.BasicTypeRegistry     : Adding type registration double -> org.hibernate.type.BasicTypeReference@6ddc67d0
2024-01-28T15:14:28.091-03:00 DEBUG 5300 --- [           main] org.hibernate.type.BasicTypeRegistry     : Adding type registration java.lang.Double -> org.hibernate.type.BasicTypeReference@6ddc67d0
2024-01-28T15:14:28.091-03:00 DEBUG 5300 --- [           main] org.hibernate.type.BasicTypeRegistry     : Adding type registration big_integer -> org.hibernate.type.BasicTypeReference@7767bd4e
2024-01-28T15:14:28.091-03:00 DEBUG 5300 --- [           main] org.hibernate.type.BasicTypeRegistry     : Adding type registration java.math.BigInteger -> org.hibernate.type.BasicTypeReference@7767bd4e
2024-01-28T15:14:28.091-03:00 DEBUG 5300 --- [           main] org.hibernate.type.BasicTypeRegistry     : Adding type registration big_decimal -> org.hibernate.type.BasicTypeReference@7708b66a
2024-01-28T15:14:28.092-03:00 DEBUG 5300 --- [           main] org.hibernate.type.BasicTypeRegistry     : Adding type registration java.math.BigDecimal -> org.hibernate.type.BasicTypeReference@7708b66a
2024-01-28T15:14:28.092-03:00 DEBUG 5300 --- [           main] org.hibernate.type.BasicTypeRegistry     : Adding type registration character -> org.hibernate.type.BasicTypeReference@433ef204
2024-01-28T15:14:28.092-03:00 DEBUG 5300 --- [           main] org.hibernate.type.BasicTypeRegistry     : Adding type registration char -> org.hibernate.type.BasicTypeReference@433ef204
2024-01-28T15:14:28.092-03:00 DEBUG 5300 --- [           main] org.hibernate.type.BasicTypeRegistry     : Adding type registration java.lang.Character -> org.hibernate.type.BasicTypeReference@433ef204
2024-01-28T15:14:28.092-03:00 DEBUG 5300 --- [           main] org.hibernate.type.BasicTypeRegistry     : Adding type registration character_nchar -> org.hibernate.type.BasicTypeReference@4dd2ef54
2024-01-28T15:14:28.092-03:00 DEBUG 5300 --- [           main] org.hibernate.type.BasicTypeRegistry     : Adding type registration string -> org.hibernate.type.BasicTypeReference@795b66d
2024-01-28T15:14:28.092-03:00 DEBUG 5300 --- [           main] org.hibernate.type.BasicTypeRegistry     : Adding type registration java.lang.String -> org.hibernate.type.BasicTypeReference@795b66d
2024-01-28T15:14:28.092-03:00 DEBUG 5300 --- [           main] org.hibernate.type.BasicTypeRegistry     : Adding type registration nstring -> org.hibernate.type.BasicTypeReference@359ceb13
2024-01-28T15:14:28.092-03:00 DEBUG 5300 --- [           main] org.hibernate.type.BasicTypeRegistry     : Adding type registration characters -> org.hibernate.type.BasicTypeReference@1068176
2024-01-28T15:14:28.093-03:00 DEBUG 5300 --- [           main] org.hibernate.type.BasicTypeRegistry     : Adding type registration char[] -> org.hibernate.type.BasicTypeReference@1068176
2024-01-28T15:14:28.093-03:00 DEBUG 5300 --- [           main] org.hibernate.type.BasicTypeRegistry     : Adding type registration [C -> org.hibernate.type.BasicTypeReference@1068176
2024-01-28T15:14:28.093-03:00 DEBUG 5300 --- [           main] org.hibernate.type.BasicTypeRegistry     : Adding type registration wrapper-characters -> org.hibernate.type.BasicTypeReference@5bf4764d
2024-01-28T15:14:28.093-03:00 DEBUG 5300 --- [           main] org.hibernate.type.BasicTypeRegistry     : Adding type registration text -> org.hibernate.type.BasicTypeReference@71789580
2024-01-28T15:14:28.093-03:00 DEBUG 5300 --- [           main] org.hibernate.type.BasicTypeRegistry     : Adding type registration ntext -> org.hibernate.type.BasicTypeReference@23ee2ccf
2024-01-28T15:14:28.093-03:00 DEBUG 5300 --- [           main] org.hibernate.type.BasicTypeRegistry     : Adding type registration clob -> org.hibernate.type.BasicTypeReference@165614f5
2024-01-28T15:14:28.094-03:00 DEBUG 5300 --- [           main] org.hibernate.type.BasicTypeRegistry     : Adding type registration java.sql.Clob -> org.hibernate.type.BasicTypeReference@165614f5
2024-01-28T15:14:28.094-03:00 DEBUG 5300 --- [           main] org.hibernate.type.BasicTypeRegistry     : Adding type registration nclob -> org.hibernate.type.BasicTypeReference@6e685e6c
2024-01-28T15:14:28.094-03:00 DEBUG 5300 --- [           main] org.hibernate.type.BasicTypeRegistry     : Adding type registration java.sql.NClob -> org.hibernate.type.BasicTypeReference@6e685e6c
2024-01-28T15:14:28.094-03:00 DEBUG 5300 --- [           main] org.hibernate.type.BasicTypeRegistry     : Adding type registration materialized_clob -> org.hibernate.type.BasicTypeReference@5b0902b4
2024-01-28T15:14:28.094-03:00 DEBUG 5300 --- [           main] org.hibernate.type.BasicTypeRegistry     : Adding type registration materialized_clob_char_array -> org.hibernate.type.BasicTypeReference@9d3d54e
2024-01-28T15:14:28.095-03:00 DEBUG 5300 --- [           main] org.hibernate.type.BasicTypeRegistry     : Adding type registration materialized_clob_character_array -> org.hibernate.type.BasicTypeReference@2f04993d
2024-01-28T15:14:28.095-03:00 DEBUG 5300 --- [           main] org.hibernate.type.BasicTypeRegistry     : Adding type registration materialized_nclob -> org.hibernate.type.BasicTypeReference@333398f
2024-01-28T15:14:28.095-03:00 DEBUG 5300 --- [           main] org.hibernate.type.BasicTypeRegistry     : Adding type registration materialized_nclob_character_array -> org.hibernate.type.BasicTypeReference@103c97ff
2024-01-28T15:14:28.095-03:00 DEBUG 5300 --- [           main] org.hibernate.type.BasicTypeRegistry     : Adding type registration materialized_nclob_char_array -> org.hibernate.type.BasicTypeReference@7d25913
2024-01-28T15:14:28.095-03:00 DEBUG 5300 --- [           main] org.hibernate.type.BasicTypeRegistry     : Adding type registration Duration -> org.hibernate.type.BasicTypeReference@c14e5a5
2024-01-28T15:14:28.095-03:00 DEBUG 5300 --- [           main] org.hibernate.type.BasicTypeRegistry     : Adding type registration java.time.Duration -> org.hibernate.type.BasicTypeReference@c14e5a5
2024-01-28T15:14:28.095-03:00 DEBUG 5300 --- [           main] org.hibernate.type.BasicTypeRegistry     : Adding type registration LocalDateTime -> org.hibernate.type.BasicTypeReference@16f15ae9
2024-01-28T15:14:28.096-03:00 DEBUG 5300 --- [           main] org.hibernate.type.BasicTypeRegistry     : Adding type registration java.time.LocalDateTime -> org.hibernate.type.BasicTypeReference@16f15ae9
2024-01-28T15:14:28.096-03:00 DEBUG 5300 --- [           main] org.hibernate.type.BasicTypeRegistry     : Adding type registration LocalDate -> org.hibernate.type.BasicTypeReference@6206b4a7
2024-01-28T15:14:28.096-03:00 DEBUG 5300 --- [           main] org.hibernate.type.BasicTypeRegistry     : Adding type registration java.time.LocalDate -> org.hibernate.type.BasicTypeReference@6206b4a7
2024-01-28T15:14:28.096-03:00 DEBUG 5300 --- [           main] org.hibernate.type.BasicTypeRegistry     : Adding type registration LocalTime -> org.hibernate.type.BasicTypeReference@77896335
2024-01-28T15:14:28.096-03:00 DEBUG 5300 --- [           main] org.hibernate.type.BasicTypeRegistry     : Adding type registration java.time.LocalTime -> org.hibernate.type.BasicTypeReference@77896335
2024-01-28T15:14:28.096-03:00 DEBUG 5300 --- [           main] org.hibernate.type.BasicTypeRegistry     : Adding type registration OffsetDateTime -> org.hibernate.type.BasicTypeReference@5c1b89ac
2024-01-28T15:14:28.096-03:00 DEBUG 5300 --- [           main] org.hibernate.type.BasicTypeRegistry     : Adding type registration java.time.OffsetDateTime -> org.hibernate.type.BasicTypeReference@5c1b89ac
2024-01-28T15:14:28.096-03:00 DEBUG 5300 --- [           main] org.hibernate.type.BasicTypeRegistry     : Adding type registration OffsetDateTimeWithTimezone -> org.hibernate.type.BasicTypeReference@40a1b6d4
2024-01-28T15:14:28.096-03:00 DEBUG 5300 --- [           main] org.hibernate.type.BasicTypeRegistry     : Adding type registration OffsetDateTimeWithoutTimezone -> org.hibernate.type.BasicTypeReference@175581eb
2024-01-28T15:14:28.096-03:00 DEBUG 5300 --- [           main] org.hibernate.type.BasicTypeRegistry     : Adding type registration OffsetTime -> org.hibernate.type.BasicTypeReference@2b79c8ff
2024-01-28T15:14:28.097-03:00 DEBUG 5300 --- [           main] org.hibernate.type.BasicTypeRegistry     : Adding type registration java.time.OffsetTime -> org.hibernate.type.BasicTypeReference@2b79c8ff
2024-01-28T15:14:28.097-03:00 DEBUG 5300 --- [           main] org.hibernate.type.BasicTypeRegistry     : Adding type registration OffsetTimeUtc -> org.hibernate.type.BasicTypeReference@2baf72d5
2024-01-28T15:14:28.097-03:00 DEBUG 5300 --- [           main] org.hibernate.type.BasicTypeRegistry     : Adding type registration OffsetTimeWithTimezone -> org.hibernate.type.BasicTypeReference@66756662
2024-01-28T15:14:28.097-03:00 DEBUG 5300 --- [           main] org.hibernate.type.BasicTypeRegistry     : Adding type registration OffsetTimeWithoutTimezone -> org.hibernate.type.BasicTypeReference@5d14e99e
2024-01-28T15:14:28.097-03:00 DEBUG 5300 --- [           main] org.hibernate.type.BasicTypeRegistry     : Adding type registration ZonedDateTime -> org.hibernate.type.BasicTypeReference@38cfecf3
2024-01-28T15:14:28.097-03:00 DEBUG 5300 --- [           main] org.hibernate.type.BasicTypeRegistry     : Adding type registration java.time.ZonedDateTime -> org.hibernate.type.BasicTypeReference@38cfecf3
2024-01-28T15:14:28.097-03:00 DEBUG 5300 --- [           main] org.hibernate.type.BasicTypeRegistry     : Adding type registration ZonedDateTimeWithTimezone -> org.hibernate.type.BasicTypeReference@682618e5
2024-01-28T15:14:28.097-03:00 DEBUG 5300 --- [           main] org.hibernate.type.BasicTypeRegistry     : Adding type registration ZonedDateTimeWithoutTimezone -> org.hibernate.type.BasicTypeReference@25ad25f5
2024-01-28T15:14:28.097-03:00 DEBUG 5300 --- [           main] org.hibernate.type.BasicTypeRegistry     : Adding type registration date -> org.hibernate.type.BasicTypeReference@5f0f70c7
2024-01-28T15:14:28.098-03:00 DEBUG 5300 --- [           main] org.hibernate.type.BasicTypeRegistry     : Adding type registration java.sql.Date -> org.hibernate.type.BasicTypeReference@5f0f70c7
2024-01-28T15:14:28.098-03:00 DEBUG 5300 --- [           main] org.hibernate.type.BasicTypeRegistry     : Adding type registration time -> org.hibernate.type.BasicTypeReference@1860a7a1
2024-01-28T15:14:28.098-03:00 DEBUG 5300 --- [           main] org.hibernate.type.BasicTypeRegistry     : Adding type registration java.sql.Time -> org.hibernate.type.BasicTypeReference@1860a7a1
2024-01-28T15:14:28.098-03:00 DEBUG 5300 --- [           main] org.hibernate.type.BasicTypeRegistry     : Adding type registration timestamp -> org.hibernate.type.BasicTypeReference@40d96578
2024-01-28T15:14:28.098-03:00 DEBUG 5300 --- [           main] org.hibernate.type.BasicTypeRegistry     : Adding type registration java.sql.Timestamp -> org.hibernate.type.BasicTypeReference@40d96578
2024-01-28T15:14:28.098-03:00 DEBUG 5300 --- [           main] org.hibernate.type.BasicTypeRegistry     : Adding type registration java.util.Date -> org.hibernate.type.BasicTypeReference@40d96578
2024-01-28T15:14:28.098-03:00 DEBUG 5300 --- [           main] org.hibernate.type.BasicTypeRegistry     : Adding type registration calendar -> org.hibernate.type.BasicTypeReference@c97721b
2024-01-28T15:14:28.098-03:00 DEBUG 5300 --- [           main] org.hibernate.type.BasicTypeRegistry     : Adding type registration java.util.Calendar -> org.hibernate.type.BasicTypeReference@c97721b
2024-01-28T15:14:28.098-03:00 DEBUG 5300 --- [           main] org.hibernate.type.BasicTypeRegistry     : Adding type registration java.util.GregorianCalendar -> org.hibernate.type.BasicTypeReference@c97721b
2024-01-28T15:14:28.098-03:00 DEBUG 5300 --- [           main] org.hibernate.type.BasicTypeRegistry     : Adding type registration calendar_date -> org.hibernate.type.BasicTypeReference@283ab206
2024-01-28T15:14:28.098-03:00 DEBUG 5300 --- [           main] org.hibernate.type.BasicTypeRegistry     : Adding type registration calendar_time -> org.hibernate.type.BasicTypeReference@35fa450f
2024-01-28T15:14:28.099-03:00 DEBUG 5300 --- [           main] org.hibernate.type.BasicTypeRegistry     : Adding type registration instant -> org.hibernate.type.BasicTypeReference@3e03046d
2024-01-28T15:14:28.099-03:00 DEBUG 5300 --- [           main] org.hibernate.type.BasicTypeRegistry     : Adding type registration java.time.Instant -> org.hibernate.type.BasicTypeReference@3e03046d
2024-01-28T15:14:28.099-03:00 DEBUG 5300 --- [           main] org.hibernate.type.BasicTypeRegistry     : Adding type registration uuid -> org.hibernate.type.BasicTypeReference@9b3be1c
2024-01-28T15:14:28.099-03:00 DEBUG 5300 --- [           main] org.hibernate.type.BasicTypeRegistry     : Adding type registration java.util.UUID -> org.hibernate.type.BasicTypeReference@9b3be1c
2024-01-28T15:14:28.099-03:00 DEBUG 5300 --- [           main] org.hibernate.type.BasicTypeRegistry     : Adding type registration pg-uuid -> org.hibernate.type.BasicTypeReference@9b3be1c
2024-01-28T15:14:28.099-03:00 DEBUG 5300 --- [           main] org.hibernate.type.BasicTypeRegistry     : Adding type registration uuid-binary -> org.hibernate.type.BasicTypeReference@74e497ae
2024-01-28T15:14:28.099-03:00 DEBUG 5300 --- [           main] org.hibernate.type.BasicTypeRegistry     : Adding type registration uuid-char -> org.hibernate.type.BasicTypeReference@13516600
2024-01-28T15:14:28.099-03:00 DEBUG 5300 --- [           main] org.hibernate.type.BasicTypeRegistry     : Adding type registration class -> org.hibernate.type.BasicTypeReference@35d7386b
2024-01-28T15:14:28.099-03:00 DEBUG 5300 --- [           main] org.hibernate.type.BasicTypeRegistry     : Adding type registration java.lang.Class -> org.hibernate.type.BasicTypeReference@35d7386b
2024-01-28T15:14:28.100-03:00 DEBUG 5300 --- [           main] org.hibernate.type.BasicTypeRegistry     : Adding type registration currency -> org.hibernate.type.BasicTypeReference@21002393
2024-01-28T15:14:28.100-03:00 DEBUG 5300 --- [           main] org.hibernate.type.BasicTypeRegistry     : Adding type registration Currency -> org.hibernate.type.BasicTypeReference@21002393
2024-01-28T15:14:28.100-03:00 DEBUG 5300 --- [           main] org.hibernate.type.BasicTypeRegistry     : Adding type registration java.util.Currency -> org.hibernate.type.BasicTypeReference@21002393
2024-01-28T15:14:28.100-03:00 DEBUG 5300 --- [           main] org.hibernate.type.BasicTypeRegistry     : Adding type registration locale -> org.hibernate.type.BasicTypeReference@718989fa
2024-01-28T15:14:28.100-03:00 DEBUG 5300 --- [           main] org.hibernate.type.BasicTypeRegistry     : Adding type registration java.util.Locale -> org.hibernate.type.BasicTypeReference@718989fa
2024-01-28T15:14:28.100-03:00 DEBUG 5300 --- [           main] org.hibernate.type.BasicTypeRegistry     : Adding type registration serializable -> org.hibernate.type.BasicTypeReference@69f080ad
2024-01-28T15:14:28.100-03:00 DEBUG 5300 --- [           main] org.hibernate.type.BasicTypeRegistry     : Adding type registration java.io.Serializable -> org.hibernate.type.BasicTypeReference@69f080ad
2024-01-28T15:14:28.100-03:00 DEBUG 5300 --- [           main] org.hibernate.type.BasicTypeRegistry     : Adding type registration timezone -> org.hibernate.type.BasicTypeReference@6568f998
2024-01-28T15:14:28.100-03:00 DEBUG 5300 --- [           main] org.hibernate.type.BasicTypeRegistry     : Adding type registration java.util.TimeZone -> org.hibernate.type.BasicTypeReference@6568f998
2024-01-28T15:14:28.100-03:00 DEBUG 5300 --- [           main] org.hibernate.type.BasicTypeRegistry     : Adding type registration ZoneOffset -> org.hibernate.type.BasicTypeReference@45d4421d
2024-01-28T15:14:28.100-03:00 DEBUG 5300 --- [           main] org.hibernate.type.BasicTypeRegistry     : Adding type registration java.time.ZoneOffset -> org.hibernate.type.BasicTypeReference@45d4421d
2024-01-28T15:14:28.100-03:00 DEBUG 5300 --- [           main] org.hibernate.type.BasicTypeRegistry     : Adding type registration url -> org.hibernate.type.BasicTypeReference@782fd504
2024-01-28T15:14:28.100-03:00 DEBUG 5300 --- [           main] org.hibernate.type.BasicTypeRegistry     : Adding type registration java.net.URL -> org.hibernate.type.BasicTypeReference@782fd504
2024-01-28T15:14:28.101-03:00 DEBUG 5300 --- [           main] org.hibernate.type.BasicTypeRegistry     : Adding type registration row_version -> org.hibernate.type.BasicTypeReference@1537c744
2024-01-28T15:14:28.110-03:00 DEBUG 5300 --- [           main] org.hibernate.type.BasicTypeRegistry     : Adding type registration object -> org.hibernate.type.JavaObjectType@26fadd98
2024-01-28T15:14:28.110-03:00 DEBUG 5300 --- [           main] org.hibernate.type.BasicTypeRegistry     : Adding type registration java.lang.Object -> org.hibernate.type.JavaObjectType@26fadd98
2024-01-28T15:14:28.112-03:00 DEBUG 5300 --- [           main] org.hibernate.type.BasicTypeRegistry     : Adding type registration null -> org.hibernate.type.NullType@120df990
2024-01-28T15:14:28.113-03:00 DEBUG 5300 --- [           main] org.hibernate.type.BasicTypeRegistry     : Adding type registration imm_date -> org.hibernate.type.BasicTypeReference@b506ed0
2024-01-28T15:14:28.113-03:00 DEBUG 5300 --- [           main] org.hibernate.type.BasicTypeRegistry     : Adding type registration imm_time -> org.hibernate.type.BasicTypeReference@282c4da0
2024-01-28T15:14:28.113-03:00 DEBUG 5300 --- [           main] org.hibernate.type.BasicTypeRegistry     : Adding type registration imm_timestamp -> org.hibernate.type.BasicTypeReference@65f3e805
2024-01-28T15:14:28.113-03:00 DEBUG 5300 --- [           main] org.hibernate.type.BasicTypeRegistry     : Adding type registration imm_calendar -> org.hibernate.type.BasicTypeReference@18cf5c52
2024-01-28T15:14:28.113-03:00 DEBUG 5300 --- [           main] org.hibernate.type.BasicTypeRegistry     : Adding type registration imm_calendar_date -> org.hibernate.type.BasicTypeReference@10618775
2024-01-28T15:14:28.113-03:00 DEBUG 5300 --- [           main] org.hibernate.type.BasicTypeRegistry     : Adding type registration imm_calendar_time -> org.hibernate.type.BasicTypeReference@5aea8994
2024-01-28T15:14:28.113-03:00 DEBUG 5300 --- [           main] org.hibernate.type.BasicTypeRegistry     : Adding type registration imm_binary -> org.hibernate.type.BasicTypeReference@20a3e10c
2024-01-28T15:14:28.113-03:00 DEBUG 5300 --- [           main] org.hibernate.type.BasicTypeRegistry     : Adding type registration imm_serializable -> org.hibernate.type.BasicTypeReference@426c0486
2024-01-28T15:14:28.124-03:00 DEBUG 5300 --- [           main] o.h.boot.internal.BootstrapContextImpl   : Injecting JPA temp ClassLoader [org.springframework.instrument.classloading.SimpleThrowawayClassLoader@52621501] into BootstrapContext; was [null]
2024-01-28T15:14:28.125-03:00 DEBUG 5300 --- [           main] o.h.boot.internal.ClassLoaderAccessImpl  : ClassLoaderAccessImpl#injectTempClassLoader(org.springframework.instrument.classloading.SimpleThrowawayClassLoader@52621501) [was null]
2024-01-28T15:14:28.126-03:00 DEBUG 5300 --- [           main] o.h.boot.internal.BootstrapContextImpl   : Injecting ScanEnvironment [org.hibernate.jpa.boot.internal.StandardJpaScanEnvironmentImpl@6afbe6a1] into BootstrapContext; was [null]
2024-01-28T15:14:28.126-03:00 DEBUG 5300 --- [           main] o.h.boot.internal.BootstrapContextImpl   : Injecting ScanOptions [org.hibernate.boot.archive.scan.internal.StandardScanOptions@14457a95] into BootstrapContext; was [org.hibernate.boot.archive.scan.internal.StandardScanOptions@48567727]
2024-01-28T15:14:28.154-03:00 DEBUG 5300 --- [           main] o.h.b.i.BytecodeProviderInitiator        : HHH000021: Bytecode provider name : bytebuddy
2024-01-28T15:14:28.478-03:00  INFO 5300 --- [           main] o.s.o.j.p.SpringPersistenceUnitInfo      : No LoadTimeWeaver setup: ignoring JPA class transformer
2024-01-28T15:14:28.478-03:00 DEBUG 5300 --- [           main] o.h.boot.internal.BootstrapContextImpl   : Injecting JPA temp ClassLoader [null] into BootstrapContext; was [org.springframework.instrument.classloading.SimpleThrowawayClassLoader@52621501]
2024-01-28T15:14:28.478-03:00 DEBUG 5300 --- [           main] o.h.boot.internal.ClassLoaderAccessImpl  : ClassLoaderAccessImpl#injectTempClassLoader(null) [was org.springframework.instrument.classloading.SimpleThrowawayClassLoader@52621501]
2024-01-28T15:14:28.522-03:00  INFO 5300 --- [           main] com.zaxxer.hikari.HikariDataSource       : HikariPool-1 - Starting...
2024-01-28T15:14:28.803-03:00  INFO 5300 --- [           main] com.zaxxer.hikari.pool.HikariPool        : HikariPool-1 - Added connection com.mysql.cj.jdbc.ConnectionImpl@28fa541
2024-01-28T15:14:28.807-03:00  INFO 5300 --- [           main] com.zaxxer.hikari.HikariDataSource       : HikariPool-1 - Start completed.
2024-01-28T15:14:28.813-03:00 DEBUG 5300 --- [           main] o.h.e.j.e.i.JdbcEnvironmentInitiator     : Database ->
       name : MySQL
    version : 8.0.33
      major : 8
      minor : 0
2024-01-28T15:14:28.813-03:00 DEBUG 5300 --- [           main] o.h.e.j.e.i.JdbcEnvironmentInitiator     : Driver ->
       name : MySQL Connector/J
    version : mysql-connector-j-8.2.0 (Revision: 06a1f724497fd81c6a659131fda822c9e5085b6c)
      major : 8
      minor : 2
2024-01-28T15:14:28.813-03:00 DEBUG 5300 --- [           main] o.h.e.j.e.i.JdbcEnvironmentInitiator     : JDBC version : 4.2
2024-01-28T15:14:28.891-03:00  WARN 5300 --- [           main] org.hibernate.orm.deprecation            : HHH90000025: MySQLDialect does not need to be specified explicitly using 'hibernate.dialect' (remove the property setting and it will be selected by default)
2024-01-28T15:14:28.893-03:00 DEBUG 5300 --- [           main] org.hibernate.orm.dialect                : HHH035001: Using dialect: org.hibernate.dialect.MySQLDialect, version: 8.0.33
2024-01-28T15:14:28.903-03:00 DEBUG 5300 --- [           main] o.h.e.j.env.spi.IdentifierHelperBuilder  : JDBC driver metadata reported database stores quoted identifiers in more than one case
2024-01-28T15:14:28.903-03:00 DEBUG 5300 --- [           main] o.h.e.j.env.spi.IdentifierHelperBuilder  : IdentifierCaseStrategy for both quoted and unquoted identifiers was set to the same strategy [LOWER]; that will likely lead to problems in schema update and validation if using quoted identifiers
2024-01-28T15:14:28.931-03:00 DEBUG 5300 --- [           main] o.h.t.d.sql.spi.DdlTypeRegistry          : addDescriptor(12, org.hibernate.type.descriptor.sql.internal.CapacityDependentDdlType@2d38db6f) replaced previous registration(org.hibernate.type.descriptor.sql.internal.CapacityDependentDdlType@37cf91d8)
2024-01-28T15:14:28.931-03:00 DEBUG 5300 --- [           main] o.h.t.d.sql.spi.DdlTypeRegistry          : addDescriptor(-9, org.hibernate.type.descriptor.sql.internal.CapacityDependentDdlType@571d0925) replaced previous registration(org.hibernate.type.descriptor.sql.internal.CapacityDependentDdlType@54e0f76f)
2024-01-28T15:14:28.932-03:00 DEBUG 5300 --- [           main] o.h.t.d.sql.spi.DdlTypeRegistry          : addDescriptor(-3, org.hibernate.type.descriptor.sql.internal.CapacityDependentDdlType@3fe8ad3f) replaced previous registration(org.hibernate.type.descriptor.sql.internal.CapacityDependentDdlType@7462ba4b)
2024-01-28T15:14:28.932-03:00 DEBUG 5300 --- [           main] o.h.t.d.sql.spi.DdlTypeRegistry          : addDescriptor(4003, org.hibernate.type.descriptor.sql.internal.DdlTypeImpl@4b09d1c3) replaced previous registration(org.hibernate.type.descriptor.sql.internal.DdlTypeImpl@18811c42)
2024-01-28T15:14:28.932-03:00 DEBUG 5300 --- [           main] o.h.t.d.sql.spi.DdlTypeRegistry          : addDescriptor(4001, org.hibernate.type.descriptor.sql.internal.DdlTypeImpl@627acb38) replaced previous registration(org.hibernate.type.descriptor.sql.internal.DdlTypeImpl@32b95de)
2024-01-28T15:14:28.932-03:00 DEBUG 5300 --- [           main] o.h.t.d.sql.spi.DdlTypeRegistry          : addDescriptor(4002, org.hibernate.type.descriptor.sql.internal.DdlTypeImpl@629cbb1) replaced previous registration(org.hibernate.type.descriptor.sql.internal.DdlTypeImpl@165aa43a)
2024-01-28T15:14:28.932-03:00 DEBUG 5300 --- [           main] o.h.t.d.sql.spi.DdlTypeRegistry          : addDescriptor(2004, org.hibernate.type.descriptor.sql.internal.CapacityDependentDdlType@22cd8ec2) replaced previous registration(org.hibernate.type.descriptor.sql.internal.DdlTypeImpl@7d977a20)
2024-01-28T15:14:28.932-03:00 DEBUG 5300 --- [           main] o.h.t.d.sql.spi.DdlTypeRegistry          : addDescriptor(2005, org.hibernate.type.descriptor.sql.internal.CapacityDependentDdlType@35ab4260) replaced previous registration(org.hibernate.type.descriptor.sql.internal.DdlTypeImpl@76134b9b)
2024-01-28T15:14:28.933-03:00 DEBUG 5300 --- [           main] o.h.t.d.sql.spi.DdlTypeRegistry          : addDescriptor(2011, org.hibernate.type.descriptor.sql.internal.CapacityDependentDdlType@38667005) replaced previous registration(org.hibernate.type.descriptor.sql.internal.DdlTypeImpl@7ee64b53)
2024-01-28T15:14:28.935-03:00 DEBUG 5300 --- [           main] o.h.t.d.jdbc.spi.JdbcTypeRegistry        : addDescriptor(NCharTypeDescriptor) replaced previous registration(CharTypeDescriptor)
2024-01-28T15:14:28.935-03:00 DEBUG 5300 --- [           main] o.h.t.d.jdbc.spi.JdbcTypeRegistry        : addDescriptor(NVarcharTypeDescriptor) replaced previous registration(VarcharTypeDescriptor)
2024-01-28T15:14:28.935-03:00 DEBUG 5300 --- [           main] o.h.t.d.jdbc.spi.JdbcTypeRegistry        : addDescriptor(LongNVarcharTypeDescriptor) replaced previous registration(LongVarcharTypeDescriptor)
2024-01-28T15:14:28.939-03:00 DEBUG 5300 --- [           main] o.h.t.d.jdbc.spi.JdbcTypeRegistry        : addDescriptor(NClobTypeDescriptor(DEFAULT)) replaced previous registration(ClobTypeDescriptor(DEFAULT))
2024-01-28T15:14:28.939-03:00 DEBUG 5300 --- [           main] o.h.t.d.jdbc.spi.JdbcTypeRegistry        : addDescriptor(2005, ClobTypeDescriptor(STREAM_BINDING)) replaced previous registration(ClobTypeDescriptor(DEFAULT))
2024-01-28T15:14:28.943-03:00 DEBUG 5300 --- [           main] org.hibernate.type.BasicTypeRegistry     : Adding type registration null -> org.hibernate.type.NullType@7c8f047a
2024-01-28T15:14:28.943-03:00 DEBUG 5300 --- [           main] org.hibernate.type.BasicTypeRegistry     : Type registration key [null] overrode previous entry : `org.hibernate.type.NullType@120df990`
2024-01-28T15:14:28.950-03:00 DEBUG 5300 --- [           main] org.hibernate.type.BasicTypeRegistry     : Adding type registration Duration -> basicType@1(java.time.Duration,2)
2024-01-28T15:14:28.950-03:00 DEBUG 5300 --- [           main] org.hibernate.type.BasicTypeRegistry     : Adding type registration java.time.Duration -> basicType@1(java.time.Duration,2)
2024-01-28T15:14:28.956-03:00 DEBUG 5300 --- [           main] org.hibernate.type.BasicTypeRegistry     : Adding type registration org.hibernate.type.OffsetDateTimeType -> basicType@2(java.time.OffsetDateTime,3003)
2024-01-28T15:14:28.956-03:00 DEBUG 5300 --- [           main] org.hibernate.type.BasicTypeRegistry     : Adding type registration OffsetDateTime -> basicType@2(java.time.OffsetDateTime,3003)
2024-01-28T15:14:28.957-03:00 DEBUG 5300 --- [           main] org.hibernate.type.BasicTypeRegistry     : Adding type registration java.time.OffsetDateTime -> basicType@2(java.time.OffsetDateTime,3003)
2024-01-28T15:14:28.957-03:00 DEBUG 5300 --- [           main] org.hibernate.type.BasicTypeRegistry     : Adding type registration org.hibernate.type.ZonedDateTimeType -> basicType@3(java.time.ZonedDateTime,3003)
2024-01-28T15:14:28.957-03:00 DEBUG 5300 --- [           main] org.hibernate.type.BasicTypeRegistry     : Adding type registration ZonedDateTime -> basicType@3(java.time.ZonedDateTime,3003)
2024-01-28T15:14:28.957-03:00 DEBUG 5300 --- [           main] org.hibernate.type.BasicTypeRegistry     : Adding type registration java.time.ZonedDateTime -> basicType@3(java.time.ZonedDateTime,3003)
2024-01-28T15:14:28.959-03:00 DEBUG 5300 --- [           main] org.hibernate.type.BasicTypeRegistry     : Adding type registration org.hibernate.type.OffsetTimeType -> basicType@4(java.time.OffsetTime,3007)
2024-01-28T15:14:28.960-03:00 DEBUG 5300 --- [           main] org.hibernate.type.BasicTypeRegistry     : Adding type registration OffsetTime -> basicType@4(java.time.OffsetTime,3007)
2024-01-28T15:14:28.960-03:00 DEBUG 5300 --- [           main] org.hibernate.type.BasicTypeRegistry     : Adding type registration java.time.OffsetTime -> basicType@4(java.time.OffsetTime,3007)
2024-01-28T15:14:28.963-03:00 DEBUG 5300 --- [           main] o.h.type.spi.TypeConfiguration$Scope     : Scoping TypeConfiguration [org.hibernate.type.spi.TypeConfiguration@24fef542] to MetadataBuildingContext [org.hibernate.boot.internal.MetadataBuildingContextRootImpl@44ddb518]
2024-01-28T15:14:29.021-03:00 DEBUG 5300 --- [           main] o.h.boot.model.relational.Namespace      : Created database namespace [logicalName=Name{catalog=null, schema=null}, physicalName=Name{catalog=null, schema=null}]
2024-01-28T15:14:29.056-03:00 DEBUG 5300 --- [           main] o.h.boot.model.internal.EntityBinder     : Binding entity from annotated class: com.vanguardiapropiedades.inmobiliaria.entidades.CitaEntidad
2024-01-28T15:14:29.071-03:00 DEBUG 5300 --- [           main] o.h.boot.model.internal.EntityBinder     : Import with entity name CitaEntidad
2024-01-28T15:14:29.081-03:00 DEBUG 5300 --- [           main] o.h.boot.model.internal.EntityBinder     : Bind entity com.vanguardiapropiedades.inmobiliaria.entidades.CitaEntidad on table cita_entidad
2024-01-28T15:14:29.096-03:00 DEBUG 5300 --- [           main] o.h.boot.model.internal.AnnotatedColumn  : Binding column: AnnotatedDiscriminatorColumn(column='DTYPE')
2024-01-28T15:14:29.130-03:00 DEBUG 5300 --- [           main] o.h.boot.model.internal.AnnotatedColumn  : Binding column: AnnotatedColumn()
2024-01-28T15:14:29.131-03:00 DEBUG 5300 --- [           main] o.h.boot.internal.ClassLoaderAccessImpl  : Not known whether passed class name [com.vanguardiapropiedades.inmobiliaria.entidades.CitaEntidad] is safe
2024-01-28T15:14:29.131-03:00 DEBUG 5300 --- [           main] o.h.boot.internal.ClassLoaderAccessImpl  : No temp ClassLoader provided; using live ClassLoader for loading potentially unsafe class : com.vanguardiapropiedades.inmobiliaria.entidades.CitaEntidad
2024-01-28T15:14:29.134-03:00 DEBUG 5300 --- [           main] o.h.boot.model.internal.PropertyBinder   : MetadataSourceProcessor property id with lazy=false
2024-01-28T15:14:29.141-03:00 DEBUG 5300 --- [           main] o.h.b.m.internal.AbstractPropertyHolder  : Attempting to locate auto-apply AttributeConverter for property [com.vanguardiapropiedades.inmobiliaria.entidades.CitaEntidad:id]
2024-01-28T15:14:29.146-03:00 DEBUG 5300 --- [           main] o.h.b.model.internal.BasicValueBinder    : building BasicValue for id
2024-01-28T15:14:29.150-03:00 DEBUG 5300 --- [           main] org.hibernate.mapping.BasicValue         : Skipping column re-registration: cita_entidad.id
2024-01-28T15:14:29.151-03:00 DEBUG 5300 --- [           main] o.h.boot.model.internal.PropertyBinder   : Building property id
2024-01-28T15:14:29.156-03:00 DEBUG 5300 --- [           main] o.h.boot.model.internal.BinderHelper     : #makeIdGenerator(BasicValue([Column(id)]), id, org.hibernate.id.enhanced.SequenceStyleGenerator, uuid, ...)
2024-01-28T15:14:29.158-03:00 DEBUG 5300 --- [           main] o.h.boot.model.internal.AnnotatedColumn  : Binding column: AnnotatedJoinColumn()
2024-01-28T15:14:29.159-03:00 DEBUG 5300 --- [           main] o.h.boot.model.internal.AnnotatedColumn  : Binding column: AnnotatedColumn()
2024-01-28T15:14:29.164-03:00 DEBUG 5300 --- [           main] o.h.boot.model.internal.PropertyBinder   : Building property cliente
2024-01-28T15:14:29.165-03:00 DEBUG 5300 --- [           main] o.h.boot.model.internal.AnnotatedColumn  : Binding column: AnnotatedJoinColumn()
2024-01-28T15:14:29.166-03:00 DEBUG 5300 --- [           main] o.h.boot.model.internal.AnnotatedColumn  : Binding column: AnnotatedColumn()
2024-01-28T15:14:29.166-03:00 DEBUG 5300 --- [           main] o.h.boot.model.internal.PropertyBinder   : Building property ente
2024-01-28T15:14:29.167-03:00 DEBUG 5300 --- [           main] o.h.boot.model.internal.AnnotatedColumn  : Binding column: AnnotatedColumn()
2024-01-28T15:14:29.167-03:00 DEBUG 5300 --- [           main] o.h.boot.model.internal.PropertyBinder   : MetadataSourceProcessor property estado with lazy=false
2024-01-28T15:14:29.167-03:00 DEBUG 5300 --- [           main] o.h.b.m.internal.AbstractPropertyHolder  : Attempting to locate auto-apply AttributeConverter for property [com.vanguardiapropiedades.inmobiliaria.entidades.CitaEntidad:estado]
2024-01-28T15:14:29.168-03:00 DEBUG 5300 --- [           main] o.h.b.model.internal.BasicValueBinder    : building BasicValue for estado
2024-01-28T15:14:29.168-03:00 DEBUG 5300 --- [           main] org.hibernate.mapping.BasicValue         : Skipping column re-registration: cita_entidad.estado
2024-01-28T15:14:29.168-03:00 DEBUG 5300 --- [           main] o.h.boot.model.internal.PropertyBinder   : Building property estado
2024-01-28T15:14:29.169-03:00 DEBUG 5300 --- [           main] o.h.boot.model.internal.AnnotatedColumn  : Binding column: AnnotatedColumn()
2024-01-28T15:14:29.169-03:00 DEBUG 5300 --- [           main] o.h.boot.model.internal.PropertyBinder   : MetadataSourceProcessor property fecha with lazy=false
2024-01-28T15:14:29.169-03:00 DEBUG 5300 --- [           main] o.h.b.m.internal.AbstractPropertyHolder  : Attempting to locate auto-apply AttributeConverter for property [com.vanguardiapropiedades.inmobiliaria.entidades.CitaEntidad:fecha]
2024-01-28T15:14:29.169-03:00 DEBUG 5300 --- [           main] o.h.b.model.internal.BasicValueBinder    : building BasicValue for fecha
2024-01-28T15:14:29.170-03:00 DEBUG 5300 --- [           main] org.hibernate.mapping.BasicValue         : Skipping column re-registration: cita_entidad.fecha
2024-01-28T15:14:29.170-03:00 DEBUG 5300 --- [           main] o.h.boot.model.internal.PropertyBinder   : Building property fecha
2024-01-28T15:14:29.170-03:00 DEBUG 5300 --- [           main] o.h.boot.model.internal.AnnotatedColumn  : Binding column: AnnotatedColumn()
2024-01-28T15:14:29.170-03:00 DEBUG 5300 --- [           main] o.h.boot.model.internal.PropertyBinder   : MetadataSourceProcessor property nota with lazy=false
2024-01-28T15:14:29.171-03:00 DEBUG 5300 --- [           main] o.h.b.m.internal.AbstractPropertyHolder  : Attempting to locate auto-apply AttributeConverter for property [com.vanguardiapropiedades.inmobiliaria.entidades.CitaEntidad:nota]
2024-01-28T15:14:29.171-03:00 DEBUG 5300 --- [           main] o.h.b.model.internal.BasicValueBinder    : building BasicValue for nota
2024-01-28T15:14:29.171-03:00 DEBUG 5300 --- [           main] org.hibernate.mapping.BasicValue         : Skipping column re-registration: cita_entidad.nota
2024-01-28T15:14:29.171-03:00 DEBUG 5300 --- [           main] o.h.boot.model.internal.PropertyBinder   : Building property nota
2024-01-28T15:14:29.172-03:00 DEBUG 5300 --- [           main] o.h.boot.model.internal.AnnotatedColumn  : Binding column: AnnotatedJoinColumn()
2024-01-28T15:14:29.172-03:00 DEBUG 5300 --- [           main] o.h.boot.model.internal.AnnotatedColumn  : Binding column: AnnotatedColumn()
2024-01-28T15:14:29.173-03:00 DEBUG 5300 --- [           main] o.h.boot.model.internal.PropertyBinder   : Building property propiedad
2024-01-28T15:14:29.184-03:00 DEBUG 5300 --- [           main] o.h.boot.model.internal.EntityBinder     : Binding entity from annotated class: com.vanguardiapropiedades.inmobiliaria.entidades.ImagenEntidad
2024-01-28T15:14:29.184-03:00 DEBUG 5300 --- [           main] o.h.boot.model.internal.EntityBinder     : Import with entity name ImagenEntidad
2024-01-28T15:14:29.185-03:00 DEBUG 5300 --- [           main] o.h.boot.model.internal.EntityBinder     : Bind entity com.vanguardiapropiedades.inmobiliaria.entidades.ImagenEntidad on table imagen_entidad
2024-01-28T15:14:29.185-03:00 DEBUG 5300 --- [           main] o.h.boot.model.internal.AnnotatedColumn  : Binding column: AnnotatedDiscriminatorColumn(column='DTYPE')
2024-01-28T15:14:29.191-03:00 DEBUG 5300 --- [           main] o.h.boot.model.internal.AnnotatedColumn  : Binding column: AnnotatedColumn()
2024-01-28T15:14:29.192-03:00 DEBUG 5300 --- [           main] o.h.boot.internal.ClassLoaderAccessImpl  : Not known whether passed class name [com.vanguardiapropiedades.inmobiliaria.entidades.ImagenEntidad] is safe
2024-01-28T15:14:29.192-03:00 DEBUG 5300 --- [           main] o.h.boot.internal.ClassLoaderAccessImpl  : No temp ClassLoader provided; using live ClassLoader for loading potentially unsafe class : com.vanguardiapropiedades.inmobiliaria.entidades.ImagenEntidad
2024-01-28T15:14:29.192-03:00 DEBUG 5300 --- [           main] o.h.boot.model.internal.PropertyBinder   : MetadataSourceProcessor property id with lazy=false
2024-01-28T15:14:29.192-03:00 DEBUG 5300 --- [           main] o.h.b.m.internal.AbstractPropertyHolder  : Attempting to locate auto-apply AttributeConverter for property [com.vanguardiapropiedades.inmobiliaria.entidades.ImagenEntidad:id]
2024-01-28T15:14:29.193-03:00 DEBUG 5300 --- [           main] o.h.b.model.internal.BasicValueBinder    : building BasicValue for id
2024-01-28T15:14:29.193-03:00 DEBUG 5300 --- [           main] org.hibernate.mapping.BasicValue         : Skipping column re-registration: imagen_entidad.id
2024-01-28T15:14:29.193-03:00 DEBUG 5300 --- [           main] o.h.boot.model.internal.PropertyBinder   : Building property id
2024-01-28T15:14:29.193-03:00 DEBUG 5300 --- [           main] o.h.boot.model.internal.BinderHelper     : #makeIdGenerator(BasicValue([Column(id)]), id, org.hibernate.id.enhanced.SequenceStyleGenerator, uuid, ...)
2024-01-28T15:14:29.195-03:00 DEBUG 5300 --- [           main] o.h.boot.model.internal.AnnotatedColumn  : Binding column: AnnotatedColumn()
2024-01-28T15:14:29.195-03:00 DEBUG 5300 --- [           main] o.h.boot.model.internal.PropertyBinder   : MetadataSourceProcessor property contenido with lazy=true
2024-01-28T15:14:29.195-03:00 DEBUG 5300 --- [           main] o.h.b.m.internal.AbstractPropertyHolder  : Attempting to locate auto-apply AttributeConverter for property [com.vanguardiapropiedades.inmobiliaria.entidades.ImagenEntidad:contenido]
2024-01-28T15:14:29.195-03:00 DEBUG 5300 --- [           main] o.h.b.model.internal.BasicValueBinder    : building BasicValue for contenido
2024-01-28T15:14:29.195-03:00 DEBUG 5300 --- [           main] org.hibernate.mapping.BasicValue         : Skipping column re-registration: imagen_entidad.contenido
2024-01-28T15:14:29.195-03:00 DEBUG 5300 --- [           main] o.h.boot.model.internal.PropertyBinder   : Building property contenido
2024-01-28T15:14:29.196-03:00 DEBUG 5300 --- [           main] o.h.boot.model.internal.AnnotatedColumn  : Binding column: AnnotatedColumn()
2024-01-28T15:14:29.196-03:00 DEBUG 5300 --- [           main] o.h.boot.model.internal.PropertyBinder   : MetadataSourceProcessor property mime with lazy=false
2024-01-28T15:14:29.196-03:00 DEBUG 5300 --- [           main] o.h.b.m.internal.AbstractPropertyHolder  : Attempting to locate auto-apply AttributeConverter for property [com.vanguardiapropiedades.inmobiliaria.entidades.ImagenEntidad:mime]
2024-01-28T15:14:29.196-03:00 DEBUG 5300 --- [           main] o.h.b.model.internal.BasicValueBinder    : building BasicValue for mime
2024-01-28T15:14:29.196-03:00 DEBUG 5300 --- [           main] org.hibernate.mapping.BasicValue         : Skipping column re-registration: imagen_entidad.mime
2024-01-28T15:14:29.196-03:00 DEBUG 5300 --- [           main] o.h.boot.model.internal.PropertyBinder   : Building property mime
2024-01-28T15:14:29.196-03:00 DEBUG 5300 --- [           main] o.h.boot.model.internal.AnnotatedColumn  : Binding column: AnnotatedColumn()
2024-01-28T15:14:29.196-03:00 DEBUG 5300 --- [           main] o.h.boot.model.internal.PropertyBinder   : MetadataSourceProcessor property nombre with lazy=false
2024-01-28T15:14:29.196-03:00 DEBUG 5300 --- [           main] o.h.b.m.internal.AbstractPropertyHolder  : Attempting to locate auto-apply AttributeConverter for property [com.vanguardiapropiedades.inmobiliaria.entidades.ImagenEntidad:nombre]
2024-01-28T15:14:29.196-03:00 DEBUG 5300 --- [           main] o.h.b.model.internal.BasicValueBinder    : building BasicValue for nombre
2024-01-28T15:14:29.197-03:00 DEBUG 5300 --- [           main] org.hibernate.mapping.BasicValue         : Skipping column re-registration: imagen_entidad.nombre
2024-01-28T15:14:29.197-03:00 DEBUG 5300 --- [           main] o.h.boot.model.internal.PropertyBinder   : Building property nombre
2024-01-28T15:14:29.198-03:00 DEBUG 5300 --- [           main] o.h.boot.model.internal.EntityBinder     : Binding entity from annotated class: com.vanguardiapropiedades.inmobiliaria.entidades.OfertaEntidad
2024-01-28T15:14:29.198-03:00 DEBUG 5300 --- [           main] o.h.boot.model.internal.EntityBinder     : Import with entity name OfertaEntidad
2024-01-28T15:14:29.199-03:00 DEBUG 5300 --- [           main] o.h.boot.model.internal.EntityBinder     : Bind entity com.vanguardiapropiedades.inmobiliaria.entidades.OfertaEntidad on table oferta_entidad
2024-01-28T15:14:29.199-03:00 DEBUG 5300 --- [           main] o.h.boot.model.internal.AnnotatedColumn  : Binding column: AnnotatedDiscriminatorColumn(column='DTYPE')
2024-01-28T15:14:29.203-03:00 DEBUG 5300 --- [           main] o.h.boot.model.internal.AnnotatedColumn  : Binding column: AnnotatedColumn()
2024-01-28T15:14:29.203-03:00 DEBUG 5300 --- [           main] o.h.boot.internal.ClassLoaderAccessImpl  : Not known whether passed class name [com.vanguardiapropiedades.inmobiliaria.entidades.OfertaEntidad] is safe
2024-01-28T15:14:29.203-03:00 DEBUG 5300 --- [           main] o.h.boot.internal.ClassLoaderAccessImpl  : No temp ClassLoader provided; using live ClassLoader for loading potentially unsafe class : com.vanguardiapropiedades.inmobiliaria.entidades.OfertaEntidad
2024-01-28T15:14:29.203-03:00 DEBUG 5300 --- [           main] o.h.boot.model.internal.PropertyBinder   : MetadataSourceProcessor property id with lazy=false
2024-01-28T15:14:29.203-03:00 DEBUG 5300 --- [           main] o.h.b.m.internal.AbstractPropertyHolder  : Attempting to locate auto-apply AttributeConverter for property [com.vanguardiapropiedades.inmobiliaria.entidades.OfertaEntidad:id]
2024-01-28T15:14:29.204-03:00 DEBUG 5300 --- [           main] o.h.b.model.internal.BasicValueBinder    : building BasicValue for id
2024-01-28T15:14:29.204-03:00 DEBUG 5300 --- [           main] org.hibernate.mapping.BasicValue         : Skipping column re-registration: oferta_entidad.id
2024-01-28T15:14:29.204-03:00 DEBUG 5300 --- [           main] o.h.boot.model.internal.PropertyBinder   : Building property id
2024-01-28T15:14:29.204-03:00 DEBUG 5300 --- [           main] o.h.boot.model.internal.BinderHelper     : #makeIdGenerator(BasicValue([Column(id)]), id, org.hibernate.id.enhanced.SequenceStyleGenerator, uuid, ...)
2024-01-28T15:14:29.205-03:00 DEBUG 5300 --- [           main] o.h.boot.model.internal.AnnotatedColumn  : Binding column: AnnotatedColumn()
2024-01-28T15:14:29.205-03:00 DEBUG 5300 --- [           main] o.h.boot.model.internal.PropertyBinder   : MetadataSourceProcessor property estado with lazy=false
2024-01-28T15:14:29.205-03:00 DEBUG 5300 --- [           main] o.h.b.m.internal.AbstractPropertyHolder  : Attempting to locate auto-apply AttributeConverter for property [com.vanguardiapropiedades.inmobiliaria.entidades.OfertaEntidad:estado]
2024-01-28T15:14:29.205-03:00 DEBUG 5300 --- [           main] o.h.b.model.internal.BasicValueBinder    : building BasicValue for estado
2024-01-28T15:14:29.205-03:00 DEBUG 5300 --- [           main] org.hibernate.mapping.BasicValue         : Skipping column re-registration: oferta_entidad.estado
2024-01-28T15:14:29.206-03:00 DEBUG 5300 --- [           main] o.h.boot.model.internal.PropertyBinder   : Building property estado
2024-01-28T15:14:29.206-03:00 DEBUG 5300 --- [           main] o.h.boot.model.internal.AnnotatedColumn  : Binding column: AnnotatedColumn()
2024-01-28T15:14:29.207-03:00 DEBUG 5300 --- [           main] o.h.boot.model.internal.PropertyBinder   : MetadataSourceProcessor property fecha with lazy=false
2024-01-28T15:14:29.207-03:00 DEBUG 5300 --- [           main] o.h.b.m.internal.AbstractPropertyHolder  : Attempting to locate auto-apply AttributeConverter for property [com.vanguardiapropiedades.inmobiliaria.entidades.OfertaEntidad:fecha]
2024-01-28T15:14:29.208-03:00 DEBUG 5300 --- [           main] o.h.b.model.internal.BasicValueBinder    : building BasicValue for fecha
2024-01-28T15:14:29.208-03:00 DEBUG 5300 --- [           main] org.hibernate.mapping.BasicValue         : Skipping column re-registration: oferta_entidad.fecha
2024-01-28T15:14:29.208-03:00 DEBUG 5300 --- [           main] o.h.boot.model.internal.PropertyBinder   : Building property fecha
2024-01-28T15:14:29.209-03:00 DEBUG 5300 --- [           main] o.h.boot.model.internal.AnnotatedColumn  : Binding column: AnnotatedJoinColumn()
2024-01-28T15:14:29.209-03:00 DEBUG 5300 --- [           main] o.h.boot.model.internal.AnnotatedColumn  : Binding column: AnnotatedColumn()
2024-01-28T15:14:29.210-03:00 DEBUG 5300 --- [           main] o.h.boot.model.internal.PropertyBinder   : Building property propiedad
2024-01-28T15:14:29.210-03:00 DEBUG 5300 --- [           main] o.h.boot.model.internal.AnnotatedColumn  : Binding column: AnnotatedJoinColumn()
2024-01-28T15:14:29.211-03:00 DEBUG 5300 --- [           main] o.h.boot.model.internal.AnnotatedColumn  : Binding column: AnnotatedColumn()
2024-01-28T15:14:29.211-03:00 DEBUG 5300 --- [           main] o.h.boot.model.internal.PropertyBinder   : Building property usuario
2024-01-28T15:14:29.212-03:00 DEBUG 5300 --- [           main] o.h.boot.model.internal.AnnotatedColumn  : Binding column: AnnotatedColumn()
2024-01-28T15:14:29.212-03:00 DEBUG 5300 --- [           main] o.h.boot.model.internal.PropertyBinder   : MetadataSourceProcessor property valorOferta with lazy=false
2024-01-28T15:14:29.212-03:00 DEBUG 5300 --- [           main] o.h.b.m.internal.AbstractPropertyHolder  : Attempting to locate auto-apply AttributeConverter for property [com.vanguardiapropiedades.inmobiliaria.entidades.OfertaEntidad:valorOferta]
2024-01-28T15:14:29.212-03:00 DEBUG 5300 --- [           main] o.h.b.model.internal.BasicValueBinder    : building BasicValue for valorOferta
2024-01-28T15:14:29.212-03:00 DEBUG 5300 --- [           main] org.hibernate.mapping.BasicValue         : Skipping column re-registration: oferta_entidad.valor_oferta
2024-01-28T15:14:29.212-03:00 DEBUG 5300 --- [           main] o.h.boot.model.internal.PropertyBinder   : Building property valorOferta
2024-01-28T15:14:29.214-03:00 DEBUG 5300 --- [           main] o.h.boot.model.internal.EntityBinder     : Binding entity from annotated class: com.vanguardiapropiedades.inmobiliaria.entidades.PropiedadEntidad
2024-01-28T15:14:29.214-03:00 DEBUG 5300 --- [           main] o.h.boot.model.internal.EntityBinder     : Import with entity name PropiedadEntidad
2024-01-28T15:14:29.214-03:00 DEBUG 5300 --- [           main] o.h.boot.model.internal.EntityBinder     : Bind entity com.vanguardiapropiedades.inmobiliaria.entidades.PropiedadEntidad on table propiedad_entidad
2024-01-28T15:14:29.215-03:00 DEBUG 5300 --- [           main] o.h.boot.model.internal.AnnotatedColumn  : Binding column: AnnotatedDiscriminatorColumn(column='DTYPE')
2024-01-28T15:14:29.224-03:00 DEBUG 5300 --- [           main] o.h.boot.model.internal.AnnotatedColumn  : Binding column: AnnotatedColumn()
2024-01-28T15:14:29.225-03:00 DEBUG 5300 --- [           main] o.h.boot.internal.ClassLoaderAccessImpl  : Not known whether passed class name [com.vanguardiapropiedades.inmobiliaria.entidades.PropiedadEntidad] is safe
2024-01-28T15:14:29.225-03:00 DEBUG 5300 --- [           main] o.h.boot.internal.ClassLoaderAccessImpl  : No temp ClassLoader provided; using live ClassLoader for loading potentially unsafe class : com.vanguardiapropiedades.inmobiliaria.entidades.PropiedadEntidad
2024-01-28T15:14:29.225-03:00 DEBUG 5300 --- [           main] o.h.boot.model.internal.PropertyBinder   : MetadataSourceProcessor property id with lazy=false
2024-01-28T15:14:29.225-03:00 DEBUG 5300 --- [           main] o.h.b.m.internal.AbstractPropertyHolder  : Attempting to locate auto-apply AttributeConverter for property [com.vanguardiapropiedades.inmobiliaria.entidades.PropiedadEntidad:id]
2024-01-28T15:14:29.225-03:00 DEBUG 5300 --- [           main] o.h.b.model.internal.BasicValueBinder    : building BasicValue for id
2024-01-28T15:14:29.225-03:00 DEBUG 5300 --- [           main] org.hibernate.mapping.BasicValue         : Skipping column re-registration: propiedad_entidad.id
2024-01-28T15:14:29.225-03:00 DEBUG 5300 --- [           main] o.h.boot.model.internal.PropertyBinder   : Building property id
2024-01-28T15:14:29.226-03:00 DEBUG 5300 --- [           main] o.h.boot.model.internal.BinderHelper     : #makeIdGenerator(BasicValue([Column(id)]), id, org.hibernate.id.enhanced.SequenceStyleGenerator, uuid, ...)
2024-01-28T15:14:29.226-03:00 DEBUG 5300 --- [           main] o.h.boot.model.internal.AnnotatedColumn  : Binding column: AnnotatedColumn()
2024-01-28T15:14:29.226-03:00 DEBUG 5300 --- [           main] o.h.boot.model.internal.PropertyBinder   : MetadataSourceProcessor property descripcion with lazy=false
2024-01-28T15:14:29.226-03:00 DEBUG 5300 --- [           main] o.h.b.m.internal.AbstractPropertyHolder  : Attempting to locate auto-apply AttributeConverter for property [com.vanguardiapropiedades.inmobiliaria.entidades.PropiedadEntidad:descripcion]
2024-01-28T15:14:29.226-03:00 DEBUG 5300 --- [           main] o.h.b.model.internal.BasicValueBinder    : building BasicValue for descripcion
2024-01-28T15:14:29.226-03:00 DEBUG 5300 --- [           main] org.hibernate.mapping.BasicValue         : Skipping column re-registration: propiedad_entidad.descripcion
2024-01-28T15:14:29.226-03:00 DEBUG 5300 --- [           main] o.h.boot.model.internal.PropertyBinder   : Building property descripcion
2024-01-28T15:14:29.227-03:00 DEBUG 5300 --- [           main] o.h.boot.model.internal.AnnotatedColumn  : Binding column: AnnotatedColumn()
2024-01-28T15:14:29.227-03:00 DEBUG 5300 --- [           main] o.h.boot.model.internal.PropertyBinder   : MetadataSourceProcessor property direccion with lazy=false
2024-01-28T15:14:29.227-03:00 DEBUG 5300 --- [           main] o.h.b.m.internal.AbstractPropertyHolder  : Attempting to locate auto-apply AttributeConverter for property [com.vanguardiapropiedades.inmobiliaria.entidades.PropiedadEntidad:direccion]
2024-01-28T15:14:29.227-03:00 DEBUG 5300 --- [           main] o.h.b.model.internal.BasicValueBinder    : building BasicValue for direccion
2024-01-28T15:14:29.227-03:00 DEBUG 5300 --- [           main] org.hibernate.mapping.BasicValue         : Skipping column re-registration: propiedad_entidad.direccion
2024-01-28T15:14:29.227-03:00 DEBUG 5300 --- [           main] o.h.boot.model.internal.PropertyBinder   : Building property direccion
2024-01-28T15:14:29.227-03:00 DEBUG 5300 --- [           main] o.h.boot.model.internal.AnnotatedColumn  : Binding column: AnnotatedColumn()
2024-01-28T15:14:29.227-03:00 DEBUG 5300 --- [           main] o.h.boot.model.internal.PropertyBinder   : MetadataSourceProcessor property estado with lazy=false
2024-01-28T15:14:29.227-03:00 DEBUG 5300 --- [           main] o.h.b.m.internal.AbstractPropertyHolder  : Attempting to locate auto-apply AttributeConverter for property [com.vanguardiapropiedades.inmobiliaria.entidades.PropiedadEntidad:estado]
2024-01-28T15:14:29.228-03:00 DEBUG 5300 --- [           main] o.h.b.model.internal.BasicValueBinder    : building BasicValue for estado
2024-01-28T15:14:29.228-03:00 DEBUG 5300 --- [           main] org.hibernate.mapping.BasicValue         : Skipping column re-registration: propiedad_entidad.estado
2024-01-28T15:14:29.228-03:00 DEBUG 5300 --- [           main] o.h.boot.model.internal.PropertyBinder   : Building property estado
2024-01-28T15:14:29.228-03:00 DEBUG 5300 --- [           main] o.h.boot.model.internal.AnnotatedColumn  : Binding column: AnnotatedJoinColumn()
2024-01-28T15:14:29.228-03:00 DEBUG 5300 --- [           main] o.h.boot.model.internal.AnnotatedColumn  : Binding column: AnnotatedColumn()
2024-01-28T15:14:29.245-03:00 DEBUG 5300 --- [           main] o.h.boot.model.internal.AnnotatedColumn  : Binding column: IndexColumn(column='imagenes_ORDER')
2024-01-28T15:14:29.248-03:00 DEBUG 5300 --- [           main] o.h.boot.model.internal.AnnotatedColumn  : Binding column: AnnotatedColumn()
2024-01-28T15:14:29.249-03:00 DEBUG 5300 --- [           main] o.h.boot.model.internal.AnnotatedColumn  : Binding column: AnnotatedColumn(column='imagenes_KEY')
2024-01-28T15:14:29.250-03:00 DEBUG 5300 --- [           main] o.h.boot.model.internal.AnnotatedColumn  : Binding column: AnnotatedJoinColumn(column='imagenes_KEY')
2024-01-28T15:14:29.251-03:00 DEBUG 5300 --- [           main] o.h.boot.model.internal.AnnotatedColumn  : Binding column: AnnotatedJoinColumn()
2024-01-28T15:14:29.251-03:00 DEBUG 5300 --- [           main] o.h.boot.model.internal.AnnotatedColumn  : Binding column: AnnotatedJoinColumn()
2024-01-28T15:14:29.254-03:00 DEBUG 5300 --- [           main] o.h.b.model.internal.CollectionBinder    : Collection role: com.vanguardiapropiedades.inmobiliaria.entidades.PropiedadEntidad.imagenes
2024-01-28T15:14:29.255-03:00 DEBUG 5300 --- [           main] o.h.boot.model.internal.PropertyBinder   : Building property imagenes
2024-01-28T15:14:29.256-03:00 DEBUG 5300 --- [           main] o.h.boot.model.internal.AnnotatedColumn  : Binding column: AnnotatedColumn()
2024-01-28T15:14:29.256-03:00 DEBUG 5300 --- [           main] o.h.boot.model.internal.PropertyBinder   : MetadataSourceProcessor property precio with lazy=false
2024-01-28T15:14:29.256-03:00 DEBUG 5300 --- [           main] o.h.b.m.internal.AbstractPropertyHolder  : Attempting to locate auto-apply AttributeConverter for property [com.vanguardiapropiedades.inmobiliaria.entidades.PropiedadEntidad:precio]
2024-01-28T15:14:29.256-03:00 DEBUG 5300 --- [           main] o.h.b.model.internal.BasicValueBinder    : building BasicValue for precio
2024-01-28T15:14:29.256-03:00 DEBUG 5300 --- [           main] org.hibernate.mapping.BasicValue         : Skipping column re-registration: propiedad_entidad.precio
2024-01-28T15:14:29.256-03:00 DEBUG 5300 --- [           main] o.h.boot.model.internal.PropertyBinder   : Building property precio
2024-01-28T15:14:29.257-03:00 DEBUG 5300 --- [           main] o.h.boot.model.internal.AnnotatedColumn  : Binding column: AnnotatedColumn()
2024-01-28T15:14:29.257-03:00 DEBUG 5300 --- [           main] o.h.boot.model.internal.PropertyBinder   : MetadataSourceProcessor property tipo with lazy=false
2024-01-28T15:14:29.257-03:00 DEBUG 5300 --- [           main] o.h.b.m.internal.AbstractPropertyHolder  : Attempting to locate auto-apply AttributeConverter for property [com.vanguardiapropiedades.inmobiliaria.entidades.PropiedadEntidad:tipo]
2024-01-28T15:14:29.257-03:00 DEBUG 5300 --- [           main] o.h.b.model.internal.BasicValueBinder    : building BasicValue for tipo
2024-01-28T15:14:29.257-03:00 DEBUG 5300 --- [           main] org.hibernate.mapping.BasicValue         : Skipping column re-registration: propiedad_entidad.tipo
2024-01-28T15:14:29.257-03:00 DEBUG 5300 --- [           main] o.h.boot.model.internal.PropertyBinder   : Building property tipo
2024-01-28T15:14:29.258-03:00 DEBUG 5300 --- [           main] o.h.boot.model.internal.AnnotatedColumn  : Binding column: AnnotatedJoinColumn(column='usuario_id')
2024-01-28T15:14:29.258-03:00 DEBUG 5300 --- [           main] o.h.boot.model.internal.AnnotatedColumn  : Binding column: AnnotatedColumn()
2024-01-28T15:14:29.258-03:00 DEBUG 5300 --- [           main] o.h.boot.model.internal.PropertyBinder   : Building property usuario
2024-01-28T15:14:29.259-03:00 DEBUG 5300 --- [           main] o.h.boot.model.internal.EntityBinder     : Binding entity from annotated class: com.vanguardiapropiedades.inmobiliaria.entidades.UsuarioEntidad
2024-01-28T15:14:29.260-03:00 DEBUG 5300 --- [           main] o.h.boot.model.internal.EntityBinder     : Import with entity name UsuarioEntidad
2024-01-28T15:14:29.260-03:00 DEBUG 5300 --- [           main] o.h.boot.model.internal.EntityBinder     : Bind entity com.vanguardiapropiedades.inmobiliaria.entidades.UsuarioEntidad on table usuario_entidad
2024-01-28T15:14:29.260-03:00 DEBUG 5300 --- [           main] o.h.boot.model.internal.AnnotatedColumn  : Binding column: AnnotatedDiscriminatorColumn(column='DTYPE')
2024-01-28T15:14:29.263-03:00 DEBUG 5300 --- [           main] o.h.boot.model.internal.AnnotatedColumn  : Binding column: AnnotatedColumn()
2024-01-28T15:14:29.263-03:00 DEBUG 5300 --- [           main] o.h.boot.internal.ClassLoaderAccessImpl  : Not known whether passed class name [com.vanguardiapropiedades.inmobiliaria.entidades.UsuarioEntidad] is safe
2024-01-28T15:14:29.264-03:00 DEBUG 5300 --- [           main] o.h.boot.internal.ClassLoaderAccessImpl  : No temp ClassLoader provided; using live ClassLoader for loading potentially unsafe class : com.vanguardiapropiedades.inmobiliaria.entidades.UsuarioEntidad
2024-01-28T15:14:29.264-03:00 DEBUG 5300 --- [           main] o.h.boot.model.internal.PropertyBinder   : MetadataSourceProcessor property id with lazy=false
2024-01-28T15:14:29.264-03:00 DEBUG 5300 --- [           main] o.h.b.m.internal.AbstractPropertyHolder  : Attempting to locate auto-apply AttributeConverter for property [com.vanguardiapropiedades.inmobiliaria.entidades.UsuarioEntidad:id]
2024-01-28T15:14:29.264-03:00 DEBUG 5300 --- [           main] o.h.b.model.internal.BasicValueBinder    : building BasicValue for id
2024-01-28T15:14:29.264-03:00 DEBUG 5300 --- [           main] org.hibernate.mapping.BasicValue         : Skipping column re-registration: usuario_entidad.id
2024-01-28T15:14:29.264-03:00 DEBUG 5300 --- [           main] o.h.boot.model.internal.PropertyBinder   : Building property id
2024-01-28T15:14:29.264-03:00 DEBUG 5300 --- [           main] o.h.boot.model.internal.BinderHelper     : #makeIdGenerator(BasicValue([Column(id)]), id, org.hibernate.id.enhanced.SequenceStyleGenerator, uuid, ...)
2024-01-28T15:14:29.264-03:00 DEBUG 5300 --- [           main] o.h.boot.model.internal.AnnotatedColumn  : Binding column: AnnotatedColumn()
2024-01-28T15:14:29.265-03:00 DEBUG 5300 --- [           main] o.h.boot.model.internal.PropertyBinder   : MetadataSourceProcessor property dni with lazy=false
2024-01-28T15:14:29.265-03:00 DEBUG 5300 --- [           main] o.h.b.m.internal.AbstractPropertyHolder  : Attempting to locate auto-apply AttributeConverter for property [com.vanguardiapropiedades.inmobiliaria.entidades.UsuarioEntidad:dni]
2024-01-28T15:14:29.265-03:00 DEBUG 5300 --- [           main] o.h.b.model.internal.BasicValueBinder    : building BasicValue for dni
2024-01-28T15:14:29.265-03:00 DEBUG 5300 --- [           main] org.hibernate.mapping.BasicValue         : Skipping column re-registration: usuario_entidad.dni
2024-01-28T15:14:29.265-03:00 DEBUG 5300 --- [           main] o.h.boot.model.internal.PropertyBinder   : Building property dni
2024-01-28T15:14:29.265-03:00 DEBUG 5300 --- [           main] o.h.boot.model.internal.AnnotatedColumn  : Binding column: AnnotatedColumn()
2024-01-28T15:14:29.265-03:00 DEBUG 5300 --- [           main] o.h.boot.model.internal.PropertyBinder   : MetadataSourceProcessor property email with lazy=false
2024-01-28T15:14:29.265-03:00 DEBUG 5300 --- [           main] o.h.b.m.internal.AbstractPropertyHolder  : Attempting to locate auto-apply AttributeConverter for property [com.vanguardiapropiedades.inmobiliaria.entidades.UsuarioEntidad:email]
2024-01-28T15:14:29.265-03:00 DEBUG 5300 --- [           main] o.h.b.model.internal.BasicValueBinder    : building BasicValue for email
2024-01-28T15:14:29.265-03:00 DEBUG 5300 --- [           main] org.hibernate.mapping.BasicValue         : Skipping column re-registration: usuario_entidad.email
2024-01-28T15:14:29.265-03:00 DEBUG 5300 --- [           main] o.h.boot.model.internal.PropertyBinder   : Building property email
2024-01-28T15:14:29.266-03:00 DEBUG 5300 --- [           main] o.h.boot.model.internal.AnnotatedColumn  : Binding column: AnnotatedJoinColumn()
2024-01-28T15:14:29.266-03:00 DEBUG 5300 --- [           main] o.h.boot.model.internal.AnnotatedColumn  : Binding column: AnnotatedColumn()
2024-01-28T15:14:29.266-03:00 DEBUG 5300 --- [           main] o.h.boot.model.internal.PropertyBinder   : Building property imagen
2024-01-28T15:14:29.266-03:00 DEBUG 5300 --- [           main] o.h.boot.model.internal.AnnotatedColumn  : Binding column: AnnotatedColumn()
2024-01-28T15:14:29.266-03:00 DEBUG 5300 --- [           main] o.h.boot.model.internal.PropertyBinder   : MetadataSourceProcessor property nombre with lazy=false
2024-01-28T15:14:29.266-03:00 DEBUG 5300 --- [           main] o.h.b.m.internal.AbstractPropertyHolder  : Attempting to locate auto-apply AttributeConverter for property [com.vanguardiapropiedades.inmobiliaria.entidades.UsuarioEntidad:nombre]
2024-01-28T15:14:29.267-03:00 DEBUG 5300 --- [           main] o.h.b.model.internal.BasicValueBinder    : building BasicValue for nombre
2024-01-28T15:14:29.267-03:00 DEBUG 5300 --- [           main] org.hibernate.mapping.BasicValue         : Skipping column re-registration: usuario_entidad.nombre
2024-01-28T15:14:29.267-03:00 DEBUG 5300 --- [           main] o.h.boot.model.internal.PropertyBinder   : Building property nombre
2024-01-28T15:14:29.267-03:00 DEBUG 5300 --- [           main] o.h.boot.model.internal.AnnotatedColumn  : Binding column: AnnotatedColumn()
2024-01-28T15:14:29.267-03:00 DEBUG 5300 --- [           main] o.h.boot.model.internal.PropertyBinder   : MetadataSourceProcessor property password with lazy=false
2024-01-28T15:14:29.267-03:00 DEBUG 5300 --- [           main] o.h.b.m.internal.AbstractPropertyHolder  : Attempting to locate auto-apply AttributeConverter for property [com.vanguardiapropiedades.inmobiliaria.entidades.UsuarioEntidad:password]
2024-01-28T15:14:29.267-03:00 DEBUG 5300 --- [           main] o.h.b.model.internal.BasicValueBinder    : building BasicValue for password
2024-01-28T15:14:29.267-03:00 DEBUG 5300 --- [           main] org.hibernate.mapping.BasicValue         : Skipping column re-registration: usuario_entidad.password
2024-01-28T15:14:29.268-03:00 DEBUG 5300 --- [           main] o.h.boot.model.internal.PropertyBinder   : Building property password
2024-01-28T15:14:29.268-03:00 DEBUG 5300 --- [           main] o.h.boot.model.internal.AnnotatedColumn  : Binding column: AnnotatedJoinColumn()
2024-01-28T15:14:29.268-03:00 DEBUG 5300 --- [           main] o.h.boot.model.internal.AnnotatedColumn  : Binding column: AnnotatedColumn()
2024-01-28T15:14:29.268-03:00 DEBUG 5300 --- [           main] o.h.boot.model.internal.AnnotatedColumn  : Binding column: IndexColumn(column='propiedades_ORDER')
2024-01-28T15:14:29.269-03:00 DEBUG 5300 --- [           main] o.h.boot.model.internal.AnnotatedColumn  : Binding column: AnnotatedColumn()
2024-01-28T15:14:29.269-03:00 DEBUG 5300 --- [           main] o.h.boot.model.internal.AnnotatedColumn  : Binding column: AnnotatedColumn(column='propiedades_KEY')
2024-01-28T15:14:29.269-03:00 DEBUG 5300 --- [           main] o.h.boot.model.internal.AnnotatedColumn  : Binding column: AnnotatedJoinColumn(column='propiedades_KEY')
2024-01-28T15:14:29.269-03:00 DEBUG 5300 --- [           main] o.h.boot.model.internal.AnnotatedColumn  : Binding column: AnnotatedJoinColumn()
2024-01-28T15:14:29.269-03:00 DEBUG 5300 --- [           main] o.h.boot.model.internal.AnnotatedColumn  : Binding column: AnnotatedJoinColumn()
2024-01-28T15:14:29.269-03:00 DEBUG 5300 --- [           main] o.h.b.model.internal.CollectionBinder    : Collection role: com.vanguardiapropiedades.inmobiliaria.entidades.UsuarioEntidad.propiedades
2024-01-28T15:14:29.270-03:00 DEBUG 5300 --- [           main] o.h.boot.model.internal.PropertyBinder   : Building property propiedades
2024-01-28T15:14:29.270-03:00 DEBUG 5300 --- [           main] o.h.boot.model.internal.AnnotatedColumn  : Binding column: AnnotatedColumn()
2024-01-28T15:14:29.270-03:00 DEBUG 5300 --- [           main] o.h.boot.model.internal.PropertyBinder   : MetadataSourceProcessor property rol with lazy=false
2024-01-28T15:14:29.270-03:00 DEBUG 5300 --- [           main] o.h.b.m.internal.AbstractPropertyHolder  : Attempting to locate auto-apply AttributeConverter for property [com.vanguardiapropiedades.inmobiliaria.entidades.UsuarioEntidad:rol]
2024-01-28T15:14:29.270-03:00 DEBUG 5300 --- [           main] o.h.b.model.internal.BasicValueBinder    : building BasicValue for rol
[...]
	at org.springframework.beans.factory.support.AbstractAutowireCapableBeanFactory.populateBean(AbstractAutowireCapableBeanFactory.java:1416) ~[spring-beans-6.0.13.jar:6.0.13]
	at org.springframework.beans.factory.support.AbstractAutowireCapableBeanFactory.doCreateBean(AbstractAutowireCapableBeanFactory.java:597) ~[spring-beans-6.0.13.jar:6.0.13]
	at org.springframework.beans.factory.support.AbstractAutowireCapableBeanFactory.createBean(AbstractAutowireCapableBeanFactory.java:520) ~[spring-beans-6.0.13.jar:6.0.13]
	at org.springframework.beans.factory.support.AbstractBeanFactory.lambda$doGetBean$0(AbstractBeanFactory.java:325) ~[spring-beans-6.0.13.jar:6.0.13]
	at org.springframework.beans.factory.support.DefaultSingletonBeanRegistry.getSingleton(DefaultSingletonBeanRegistry.java:234) ~[spring-beans-6.0.13.jar:6.0.13]
	at org.springframework.beans.factory.support.AbstractBeanFactory.doGetBean(AbstractBeanFactory.java:323) ~[spring-beans-6.0.13.jar:6.0.13]
	at org.springframework.beans.factory.support.AbstractBeanFactory.getBean(AbstractBeanFactory.java:199) ~[spring-beans-6.0.13.jar:6.0.13]
	at org.springframework.beans.factory.config.DependencyDescriptor.resolveCandidate(DependencyDescriptor.java:254) ~[spring-beans-6.0.13.jar:6.0.13]
	at org.springframework.beans.factory.support.DefaultListableBeanFactory.doResolveDependency(DefaultListableBeanFactory.java:1417) ~[spring-beans-6.0.13.jar:6.0.13]
	at org.springframework.beans.factory.support.DefaultListableBeanFactory.resolveDependency(DefaultListableBeanFactory.java:1337) ~[spring-beans-6.0.13.jar:6.0.13]
	at org.springframework.beans.factory.annotation.AutowiredAnnotationBeanPostProcessor$AutowiredFieldElement.resolveFieldValue(AutowiredAnnotationBeanPostProcessor.java:764) ~[spring-beans-6.0.13.jar:6.0.13]
	at org.springframework.beans.factory.annotation.AutowiredAnnotationBeanPostProcessor$AutowiredFieldElement.inject(AutowiredAnnotationBeanPostProcessor.java:747) ~[spring-beans-6.0.13.jar:6.0.13]
	at org.springframework.beans.factory.annotation.InjectionMetadata.inject(InjectionMetadata.java:145) ~[spring-beans-6.0.13.jar:6.0.13]
	at org.springframework.beans.factory.annotation.AutowiredAnnotationBeanPostProcessor.postProcessProperties(AutowiredAnnotationBeanPostProcessor.java:492) ~[spring-beans-6.0.13.jar:6.0.13]
	at org.springframework.beans.factory.support.AbstractAutowireCapableBeanFactory.populateBean(AbstractAutowireCapableBeanFactory.java:1416) ~[spring-beans-6.0.13.jar:6.0.13]
	at org.springframework.beans.factory.support.AbstractAutowireCapableBeanFactory.doCreateBean(AbstractAutowireCapableBeanFactory.java:597) ~[spring-beans-6.0.13.jar:6.0.13]
	at org.springframework.beans.factory.support.AbstractAutowireCapableBeanFactory.createBean(AbstractAutowireCapableBeanFactory.java:520) ~[spring-beans-6.0.13.jar:6.0.13]
	at org.springframework.beans.factory.support.AbstractBeanFactory.lambda$doGetBean$0(AbstractBeanFactory.java:325) ~[spring-beans-6.0.13.jar:6.0.13]
	at org.springframework.beans.factory.support.DefaultSingletonBeanRegistry.getSingleton(DefaultSingletonBeanRegistry.java:234) ~[spring-beans-6.0.13.jar:6.0.13]
	at org.springframework.beans.factory.support.AbstractBeanFactory.doGetBean(AbstractBeanFactory.java:323) ~[spring-beans-6.0.13.jar:6.0.13]
	at org.springframework.beans.factory.support.AbstractBeanFactory.getBean(AbstractBeanFactory.java:199) ~[spring-beans-6.0.13.jar:6.0.13]
	at org.springframework.beans.factory.support.DefaultListableBeanFactory.preInstantiateSingletons(DefaultListableBeanFactory.java:973) ~[spring-beans-6.0.13.jar:6.0.13]
	at org.springframework.context.support.AbstractApplicationContext.finishBeanFactoryInitialization(AbstractApplicationContext.java:950) ~[spring-context-6.0.13.jar:6.0.13]
	at org.springframework.context.support.AbstractApplicationContext.refresh(AbstractApplicationContext.java:616) ~[spring-context-6.0.13.jar:6.0.13]
	at org.springframework.boot.SpringApplication.refresh(SpringApplication.java:738) ~[spring-boot-3.1.5.jar:3.1.5]
	at org.springframework.boot.SpringApplication.refreshContext(SpringApplication.java:440) ~[spring-boot-3.1.5.jar:3.1.5]
	at org.springframework.boot.SpringApplication.run(SpringApplication.java:316) ~[spring-boot-3.1.5.jar:3.1.5]
	at org.springframework.boot.test.context.SpringBootContextLoader.lambda$loadContext$3(SpringBootContextLoader.java:137) ~[spring-boot-test-3.1.5.jar:3.1.5]
	at org.springframework.util.function.ThrowingSupplier.get(ThrowingSupplier.java:58) ~[spring-core-6.0.13.jar:6.0.13]
	at org.springframework.util.function.ThrowingSupplier.get(ThrowingSupplier.java:46) ~[spring-core-6.0.13.jar:6.0.13]
	at org.springframework.boot.SpringApplication.withHook(SpringApplication.java:1406) ~[spring-boot-3.1.5.jar:3.1.5]
	at org.springframework.boot.test.context.SpringBootContextLoader$ContextLoaderHook.run(SpringBootContextLoader.java:545) ~[spring-boot-test-3.1.5.jar:3.1.5]
	at org.springframework.boot.test.context.SpringBootContextLoader.loadContext(SpringBootContextLoader.java:137) ~[spring-boot-test-3.1.5.jar:3.1.5]
	at org.springframework.boot.test.context.SpringBootContextLoader.loadContext(SpringBootContextLoader.java:108) ~[spring-boot-test-3.1.5.jar:3.1.5]
	at org.springframework.test.context.cache.DefaultCacheAwareContextLoaderDelegate.loadContextInternal(DefaultCacheAwareContextLoaderDelegate.java:187) ~[spring-test-6.0.13.jar:6.0.13]
	at org.springframework.test.context.cache.DefaultCacheAwareContextLoaderDelegate.loadContext(DefaultCacheAwareContextLoaderDelegate.java:119) ~[spring-test-6.0.13.jar:6.0.13]
	at org.springframework.test.context.support.DefaultTestContext.getApplicationContext(DefaultTestContext.java:127) ~[spring-test-6.0.13.jar:6.0.13]
	at org.springframework.test.context.web.ServletTestExecutionListener.setUpRequestContextIfNecessary(ServletTestExecutionListener.java:191) ~[spring-test-6.0.13.jar:6.0.13]
	at org.springframework.test.context.web.ServletTestExecutionListener.prepareTestInstance(ServletTestExecutionListener.java:130) ~[spring-test-6.0.13.jar:6.0.13]
	at org.springframework.test.context.TestContextManager.prepareTestInstance(TestContextManager.java:241) ~[spring-test-6.0.13.jar:6.0.13]
	at org.springframework.test.context.junit.jupiter.SpringExtension.postProcessTestInstance(SpringExtension.java:138) ~[spring-test-6.0.13.jar:6.0.13]
	at org.junit.jupiter.engine.descriptor.ClassBasedTestDescriptor.lambda$invokeTestInstancePostProcessors$10(ClassBasedTestDescriptor.java:377) ~[junit-jupiter-engine-5.9.3.jar:5.9.3]
	at org.junit.jupiter.engine.descriptor.ClassBasedTestDescriptor.executeAndMaskThrowable(ClassBasedTestDescriptor.java:382) ~[junit-jupiter-engine-5.9.3.jar:5.9.3]
	at org.junit.jupiter.engine.descriptor.ClassBasedTestDescriptor.lambda$invokeTestInstancePostProcessors$11(ClassBasedTestDescriptor.java:377) ~[junit-jupiter-engine-5.9.3.jar:5.9.3]
	at java.base/java.util.stream.ReferencePipeline$3$1.accept(ReferencePipeline.java:197) ~[na:na]
	at java.base/java.util.stream.ReferencePipeline$2$1.accept(ReferencePipeline.java:179) ~[na:na]
	at java.base/java.util.ArrayList$ArrayListSpliterator.forEachRemaining(ArrayList.java:1625) ~[na:na]
	at java.base/java.util.stream.AbstractPipeline.copyInto(AbstractPipeline.java:509) ~[na:na]
	at java.base/java.util.stream.AbstractPipeline.wrapAndCopyInto(AbstractPipeline.java:499) ~[na:na]
	at java.base/java.util.stream.StreamSpliterators$WrappingSpliterator.forEachRemaining(StreamSpliterators.java:310) ~[na:na]
	at java.base/java.util.stream.Streams$ConcatSpliterator.forEachRemaining(Streams.java:735) ~[na:na]
	at java.base/java.util.stream.Streams$ConcatSpliterator.forEachRemaining(Streams.java:734) ~[na:na]
	at java.base/java.util.stream.ReferencePipeline$Head.forEach(ReferencePipeline.java:762) ~[na:na]
	at org.junit.jupiter.engine.descriptor.ClassBasedTestDescriptor.invokeTestInstancePostProcessors(ClassBasedTestDescriptor.java:376) ~[junit-jupiter-engine-5.9.3.jar:5.9.3]
	at org.junit.jupiter.engine.descriptor.ClassBasedTestDescriptor.lambda$instantiateAndPostProcessTestInstance$6(ClassBasedTestDescriptor.java:289) ~[junit-jupiter-engine-5.9.3.jar:5.9.3]
	at org.junit.platform.engine.support.hierarchical.ThrowableCollector.execute(ThrowableCollector.java:73) ~[junit-platform-engine-1.9.3.jar:1.9.3]
	at org.junit.jupiter.engine.descriptor.ClassBasedTestDescriptor.instantiateAndPostProcessTestInstance(ClassBasedTestDescriptor.java:288) ~[junit-jupiter-engine-5.9.3.jar:5.9.3]
	at org.junit.jupiter.engine.descriptor.ClassBasedTestDescriptor.lambda$testInstancesProvider$4(ClassBasedTestDescriptor.java:278) ~[junit-jupiter-engine-5.9.3.jar:5.9.3]
	at java.base/java.util.Optional.orElseGet(Optional.java:364) ~[na:na]
	at org.junit.jupiter.engine.descriptor.ClassBasedTestDescriptor.lambda$testInstancesProvider$5(ClassBasedTestDescriptor.java:277) ~[junit-jupiter-engine-5.9.3.jar:5.9.3]
	at org.junit.jupiter.engine.execution.TestInstancesProvider.getTestInstances(TestInstancesProvider.java:31) ~[junit-jupiter-engine-5.9.3.jar:5.9.3]
	at org.junit.jupiter.engine.descriptor.TestMethodTestDescriptor.lambda$prepare$0(TestMethodTestDescriptor.java:105) ~[junit-jupiter-engine-5.9.3.jar:5.9.3]
	at org.junit.platform.engine.support.hierarchical.ThrowableCollector.execute(ThrowableCollector.java:73) ~[junit-platform-engine-1.9.3.jar:1.9.3]
	at org.junit.jupiter.engine.descriptor.TestMethodTestDescriptor.prepare(TestMethodTestDescriptor.java:104) ~[junit-jupiter-engine-5.9.3.jar:5.9.3]
	at org.junit.jupiter.engine.descriptor.TestMethodTestDescriptor.prepare(TestMethodTestDescriptor.java:68) ~[junit-jupiter-engine-5.9.3.jar:5.9.3]
	at org.junit.platform.engine.support.hierarchical.NodeTestTask.lambda$prepare$2(NodeTestTask.java:123) ~[junit-platform-engine-1.9.3.jar:1.9.3]
	at org.junit.platform.engine.support.hierarchical.ThrowableCollector.execute(ThrowableCollector.java:73) ~[junit-platform-engine-1.9.3.jar:1.9.3]
	at org.junit.platform.engine.support.hierarchical.NodeTestTask.prepare(NodeTestTask.java:123) ~[junit-platform-engine-1.9.3.jar:1.9.3]
	at org.junit.platform.engine.support.hierarchical.NodeTestTask.execute(NodeTestTask.java:90) ~[junit-platform-engine-1.9.3.jar:1.9.3]
	at java.base/java.util.ArrayList.forEach(ArrayList.java:1511) ~[na:na]
	at org.junit.platform.engine.support.hierarchical.SameThreadHierarchicalTestExecutorService.invokeAll(SameThreadHierarchicalTestExecutorService.java:41) ~[junit-platform-engine-1.9.3.jar:1.9.3]
	at org.junit.platform.engine.support.hierarchical.NodeTestTask.lambda$executeRecursively$6(NodeTestTask.java:155) ~[junit-platform-engine-1.9.3.jar:1.9.3]
	at org.junit.platform.engine.support.hierarchical.ThrowableCollector.execute(ThrowableCollector.java:73) ~[junit-platform-engine-1.9.3.jar:1.9.3]
	at org.junit.platform.engine.support.hierarchical.NodeTestTask.lambda$executeRecursively$8(NodeTestTask.java:141) ~[junit-platform-engine-1.9.3.jar:1.9.3]
	at org.junit.platform.engine.support.hierarchical.Node.around(Node.java:137) ~[junit-platform-engine-1.9.3.jar:1.9.3]
	at org.junit.platform.engine.support.hierarchical.NodeTestTask.lambda$executeRecursively$9(NodeTestTask.java:139) ~[junit-platform-engine-1.9.3.jar:1.9.3]
	at org.junit.platform.engine.support.hierarchical.ThrowableCollector.execute(ThrowableCollector.java:73) ~[junit-platform-engine-1.9.3.jar:1.9.3]
	at org.junit.platform.engine.support.hierarchical.NodeTestTask.executeRecursively(NodeTestTask.java:138) ~[junit-platform-engine-1.9.3.jar:1.9.3]
	at org.junit.platform.engine.support.hierarchical.NodeTestTask.execute(NodeTestTask.java:95) ~[junit-platform-engine-1.9.3.jar:1.9.3]
	at java.base/java.util.ArrayList.forEach(ArrayList.java:1511) ~[na:na]
	at org.junit.platform.engine.support.hierarchical.SameThreadHierarchicalTestExecutorService.invokeAll(SameThreadHierarchicalTestExecutorService.java:41) ~[junit-platform-engine-1.9.3.jar:1.9.3]
	at org.junit.platform.engine.support.hierarchical.NodeTestTask.lambda$executeRecursively$6(NodeTestTask.java:155) ~[junit-platform-engine-1.9.3.jar:1.9.3]
	at org.junit.platform.engine.support.hierarchical.ThrowableCollector.execute(ThrowableCollector.java:73) ~[junit-platform-engine-1.9.3.jar:1.9.3]
	at org.junit.platform.engine.support.hierarchical.NodeTestTask.lambda$executeRecursively$8(NodeTestTask.java:141) ~[junit-platform-engine-1.9.3.jar:1.9.3]
	at org.junit.platform.engine.support.hierarchical.Node.around(Node.java:137) ~[junit-platform-engine-1.9.3.jar:1.9.3]
	at org.junit.platform.engine.support.hierarchical.NodeTestTask.lambda$executeRecursively$9(NodeTestTask.java:139) ~[junit-platform-engine-1.9.3.jar:1.9.3]
	at org.junit.platform.engine.support.hierarchical.ThrowableCollector.execute(ThrowableCollector.java:73) ~[junit-platform-engine-1.9.3.jar:1.9.3]
	at org.junit.platform.engine.support.hierarchical.NodeTestTask.executeRecursively(NodeTestTask.java:138) ~[junit-platform-engine-1.9.3.jar:1.9.3]
	at org.junit.platform.engine.support.hierarchical.NodeTestTask.execute(NodeTestTask.java:95) ~[junit-platform-engine-1.9.3.jar:1.9.3]
	at org.junit.platform.engine.support.hierarchical.SameThreadHierarchicalTestExecutorService.submit(SameThreadHierarchicalTestExecutorService.java:35) ~[junit-platform-engine-1.9.3.jar:1.9.3]
	at org.junit.platform.engine.support.hierarchical.HierarchicalTestExecutor.execute(HierarchicalTestExecutor.java:57) ~[junit-platform-engine-1.9.3.jar:1.9.3]
	at org.junit.platform.engine.support.hierarchical.HierarchicalTestEngine.execute(HierarchicalTestEngine.java:54) ~[junit-platform-engine-1.9.3.jar:1.9.3]
	at org.junit.platform.launcher.core.EngineExecutionOrchestrator.execute(EngineExecutionOrchestrator.java:147) ~[junit-platform-launcher-1.9.3.jar:1.9.3]
	at org.junit.platform.launcher.core.EngineExecutionOrchestrator.execute(EngineExecutionOrchestrator.java:127) ~[junit-platform-launcher-1.9.3.jar:1.9.3]
	at org.junit.platform.launcher.core.EngineExecutionOrchestrator.execute(EngineExecutionOrchestrator.java:90) ~[junit-platform-launcher-1.9.3.jar:1.9.3]
	at org.junit.platform.launcher.core.EngineExecutionOrchestrator.lambda$execute$0(EngineExecutionOrchestrator.java:55) ~[junit-platform-launcher-1.9.3.jar:1.9.3]
	at org.junit.platform.launcher.core.EngineExecutionOrchestrator.withInterceptedStreams(EngineExecutionOrchestrator.java:102) ~[junit-platform-launcher-1.9.3.jar:1.9.3]
	at org.junit.platform.launcher.core.EngineExecutionOrchestrator.execute(EngineExecutionOrchestrator.java:54) ~[junit-platform-launcher-1.9.3.jar:1.9.3]
	at org.junit.platform.launcher.core.DefaultLauncher.execute(DefaultLauncher.java:114) ~[junit-platform-launcher-1.9.3.jar:1.9.3]
	at org.junit.platform.launcher.core.DefaultLauncher.execute(DefaultLauncher.java:86) ~[junit-platform-launcher-1.9.3.jar:1.9.3]
	at org.junit.platform.launcher.core.DefaultLauncherSession$DelegatingLauncher.execute(DefaultLauncherSession.java:86) ~[junit-platform-launcher-1.9.3.jar:1.9.3]
	at org.apache.maven.surefire.junitplatform.LazyLauncher.execute(LazyLauncher.java:50) ~[surefire-junit-platform-3.0.0.jar:3.0.0]
	at org.apache.maven.surefire.junitplatform.JUnitPlatformProvider.execute(JUnitPlatformProvider.java:184) ~[surefire-junit-platform-3.0.0.jar:3.0.0]
	at org.apache.maven.surefire.junitplatform.JUnitPlatformProvider.invokeAllTests(JUnitPlatformProvider.java:148) ~[surefire-junit-platform-3.0.0.jar:3.0.0]
	at org.apache.maven.surefire.junitplatform.JUnitPlatformProvider.invoke(JUnitPlatformProvider.java:122) ~[surefire-junit-platform-3.0.0.jar:3.0.0]
	at org.apache.maven.surefire.booter.ForkedBooter.runSuitesInProcess(ForkedBooter.java:385) ~[surefire-booter-3.0.0.jar:3.0.0]
	at org.apache.maven.surefire.booter.ForkedBooter.execute(ForkedBooter.java:162) ~[surefire-booter-3.0.0.jar:3.0.0]
	at org.apache.maven.surefire.booter.ForkedBooter.run(ForkedBooter.java:507) ~[surefire-booter-3.0.0.jar:3.0.0]
	at org.apache.maven.surefire.booter.ForkedBooter.main(ForkedBooter.java:495) ~[surefire-booter-3.0.0.jar:3.0.0]

2024-01-28T15:14:32.370-03:00 DEBUG 5300 --- [           main] org.hibernate.orm.query.hql              : HQL : SELECT o FROM OfertaEntidad o WHERE o.propiedad.usuario.id = :id
2024-01-28T15:14:32.372-03:00 DEBUG 5300 --- [           main] o.h.o.q.hql.reservedWordAsIdentifier     : Encountered use of reserved word as identifier : =
2024-01-28T15:14:32.372-03:00 DEBUG 5300 --- [           main] o.h.o.q.hql.reservedWordAsIdentifier     : Encountered use of reserved word as identifier : <EOF>
2024-01-28T15:14:32.373-03:00 DEBUG 5300 --- [           main] o.h.q.hql.internal.SemanticQueryBuilder  : Handling root path - OfertaEntidad
2024-01-28T15:14:32.373-03:00 DEBUG 5300 --- [           main] org.hibernate.orm.query.sqm.creation     : Applying inferable type to SqmExpression [SqmNamedParameter(id)] : null -> BasicSqmPathSource(id : String)
2024-01-28T15:14:32.373-03:00 DEBUG 5300 --- [           main] org.hibernate.orm.query.sqm.ast          : SqmStatement Tree :
    -> [select]
      -> [query-spec]
        -> [select]
          -> [selection]
            -> [root] - `com.vanguardiapropiedades.inmobiliaria.entidades.OfertaEntidad(o)`
            <- [root] - `com.vanguardiapropiedades.inmobiliaria.entidades.OfertaEntidad(o)`
          <- [selection]
        <- [select]
        -> [from]
          -> [root] - `com.vanguardiapropiedades.inmobiliaria.entidades.OfertaEntidad(o)`
          <- [root] - `com.vanguardiapropiedades.inmobiliaria.entidades.OfertaEntidad(o)`
        <- [from]
        -> [where]
          -> [EQUAL]
              -> [basic-path] - `com.vanguardiapropiedades.inmobiliaria.entidades.OfertaEntidad(o).propiedad.usuario.id`
              :id
          <- [EQUAL]
        <- [where]
      <- [query-spec]
    <- [select]

2024-01-28T15:14:32.444-03:00  WARN 5300 --- [           main] JpaBaseConfiguration$JpaWebConfiguration : spring.jpa.open-in-view is enabled by default. Therefore, database queries may be performed during view rendering. Explicitly configure spring.jpa.open-in-view to disable this warning
2024-01-28T15:14:32.751-03:00  INFO 5300 --- [           main] o.s.s.web.DefaultSecurityFilterChain     : Will secure any request with [org.springframework.security.web.session.DisableEncodeUrlFilter@5522f9b, org.springframework.security.web.session.ForceEagerSessionCreationFilter@70bbc163, org.springframework.security.web.context.request.async.WebAsyncManagerIntegrationFilter@3b26afbc, org.springframework.security.web.context.SecurityContextHolderFilter@67e255cf, org.springframework.security.web.header.HeaderWriterFilter@438fcca3, org.springframework.security.web.authentication.logout.LogoutFilter@7fdf32a4, org.springframework.security.web.authentication.UsernamePasswordAuthenticationFilter@41e156ee, org.springframework.security.web.session.ConcurrentSessionFilter@30ee413a, org.springframework.security.web.savedrequest.RequestCacheAwareFilter@e1f88b6, org.springframework.security.web.servletapi.SecurityContextHolderAwareRequestFilter@1cda3a6d, org.springframework.security.web.authentication.AnonymousAuthenticationFilter@2ab91b65, org.springframework.security.web.session.SessionManagementFilter@15e86d24, org.springframework.security.web.access.ExceptionTranslationFilter@2296926d, org.springframework.security.web.access.intercept.AuthorizationFilter@3a89f2a0]
2024-01-28T15:14:33.199-03:00  INFO 5300 --- [           main] o.s.b.a.w.s.WelcomePageHandlerMapping    : Adding welcome page template: index
2024-01-28T15:14:33.800-03:00  INFO 5300 --- [           main] o.s.b.a.e.web.EndpointLinksResolver      : Exposing 1 endpoint(s) beneath base path '/actuator'
2024-01-28T15:14:33.908-03:00  INFO 5300 --- [           main] c.v.i.InmobiliariaApplicationTests       : Started InmobiliariaApplicationTests in 9.075 seconds (process running for 10.681)
]]></system-out>
  </testcase>
</testsuite>